<?xml version="1.0" encoding="utf-8"?><testsuites name="pytest tests"><testsuite name="pytest" errors="0" failures="0" skipped="0" tests="13" time="18.388" timestamp="2026-04-26T06:29:43.491581+00:00" hostname="agent-env-b743e357-5d4a-4174-b930-e8155d2812c7"><testcase classname="backend.tests.test_iter25_plays_slice2.TestLibrarySlice2" name="test_library_has_2_available" time="0.126" /><testcase classname="backend.tests.test_iter25_plays_slice2.TestLibrarySlice2" name="test_library_locked_stubs" time="0.046" /><testcase classname="backend.tests.test_iter25_plays_slice2.TestStartPreBoard" name="test_start_pre_board_returns_5_stages" time="0.447" /><testcase classname="backend.tests.test_iter25_plays_slice2.TestStartPreBoard" name="test_start_cross_board_pulse_returns_400" time="0.048" /><testcase classname="backend.tests.test_iter25_plays_slice2.TestAutoLaunchHook" name="test_setup_schedule_and_force_past" time="0.054" /><testcase classname="backend.tests.test_iter25_plays_slice2.TestAutoLaunchHook" name="test_cron_run_spawns_auto_play" time="0.167" /><testcase classname="backend.tests.test_iter25_plays_slice2.TestAutoLaunchHook" name="test_cron_idempotent" time="0.112" /><testcase classname="backend.tests.test_iter25_plays_slice2.TestSeenEndpoint" name="test_seen_marks_auto_launched" time="0.092" /><testcase classname="backend.tests.test_iter25_plays_slice2.TestSeenEndpoint" name="test_seen_idempotent" time="0.048" /><testcase classname="backend.tests.test_iter25_plays_slice2.TestSeenEndpoint" name="test_seen_on_non_auto_launched_play_returns_200" time="0.050" /><testcase classname="backend.tests.test_iter25_plays_slice2.TestPreBoardRead" name="test_read_pack_too_short_422" time="0.046" /><testcase classname="backend.tests.test_iter25_plays_slice2.TestPreBoardRead" name="test_read_pack_on_board_pack_play_returns_400" time="0.049" /><testcase classname="backend.tests.test_iter25_plays_slice2.TestPreBoardRead" name="test_read_pack_success" time="16.959" /></testsuite></testsuites>