<?xml version="1.0" encoding="utf-8"?><testsuites name="pytest tests"><testsuite name="pytest" errors="0" failures="0" skipped="0" tests="11" time="2.277" timestamp="2026-04-26T15:11:34.597720+00:00" hostname="agent-env-b743e357-5d4a-4174-b930-e8155d2812c7"><testcase classname="backend.tests.test_iter29_score_history.TestScoreHistorySeed" name="test_create_with_score_seeds_history" time="0.506" /><testcase classname="backend.tests.test_iter29_score_history.TestScoreHistorySeed" name="test_create_without_score_empty_history" time="0.050" /><testcase classname="backend.tests.test_iter29_score_history.TestScoreHistoryPatch" name="test_patch_new_score_appends" time="0.188" /><testcase classname="backend.tests.test_iter29_score_history.TestScoreHistoryPatch" name="test_patch_same_score_no_append" time="0.100" /><testcase classname="backend.tests.test_iter29_score_history.TestScoreHistoryPatch" name="test_patch_other_field_no_history_change" time="0.100" /><testcase classname="backend.tests.test_iter29_score_history.TestScoreHistoryPatch" name="test_history_caps_at_12" time="0.767" /><testcase classname="backend.tests.test_iter29_score_history.TestRegression" name="test_list_goals_200" time="0.053" /><testcase classname="backend.tests.test_iter29_score_history.TestRegression" name="test_monitor_200" time="0.059" /><testcase classname="backend.tests.test_iter29_score_history.TestRegression" name="test_agenda_evolution_200" time="0.052" /><testcase classname="backend.tests.test_iter29_score_history.TestRegression" name="test_document_engagement_200" time="0.046" /><testcase classname="backend.tests.test_iter29_score_history.TestCleanup" name="test_zz_cleanup" time="0.293" /></testsuite></testsuites>