<?xml version="1.0" encoding="utf-8"?><testsuites name="pytest tests"><testsuite name="pytest" errors="0" failures="1" skipped="0" tests="18" time="2.403" timestamp="2026-04-25T08:31:54.092848+00:00" hostname="agent-env-b743e357-5d4a-4174-b930-e8155d2812c7"><testcase classname="tests.test_iter22_billing_schedule.TestBillingPlans" name="test_plans_public" time="0.147" /><testcase classname="tests.test_iter22_billing_schedule.TestBillingMe" name="test_billing_me_default_free" time="0.323" /><testcase classname="tests.test_iter22_billing_schedule.TestBillingMe" name="test_auth_me_includes_plan" time="0.050" /><testcase classname="tests.test_iter22_billing_schedule.TestBillingCheckout" name="test_checkout_pro_returns_stripe_url" time="0.600" /><testcase classname="tests.test_iter22_billing_schedule.TestBillingCheckout" name="test_checkout_free_rejected" time="0.046" /><testcase classname="tests.test_iter22_billing_schedule.TestBillingCheckout" name="test_checkout_invalid_plan_422" time="0.049" /><testcase classname="tests.test_iter22_billing_schedule.TestBillingCheckout" name="test_status_for_pending_session" time="0.214"><failure message="AssertionError: Internal Server Error&#10;assert 500 == 200&#10; +  where 500 = &lt;Response [500]&gt;.status_code">tests/test_iter22_billing_schedule.py:117: in test_status_for_pending_session
    assert r.status_code == 200, r.text
E   AssertionError: Internal Server Error
E   assert 500 == 200
E    +  where 500 = &lt;Response [500]&gt;.status_code</failure></testcase><testcase classname="tests.test_iter22_billing_schedule.TestBillingCheckout" name="test_status_unknown_session_404" time="0.050" /><testcase classname="tests.test_iter22_billing_schedule.TestStripeWebhookBadSig" name="test_webhook_bad_signature" time="0.046" /><testcase classname="tests.test_iter22_billing_schedule.TestCycleSchedule" name="test_get_initial_or_existing" time="0.100" /><testcase classname="tests.test_iter22_billing_schedule.TestCycleSchedule" name="test_put_weekly_mon" time="0.048" /><testcase classname="tests.test_iter22_billing_schedule.TestCycleSchedule" name="test_get_after_put_persisted" time="0.047" /><testcase classname="tests.test_iter22_billing_schedule.TestCycleSchedule" name="test_put_invalid_cadence_422" time="0.049" /><testcase classname="tests.test_iter22_billing_schedule.TestCycleSchedule" name="test_put_invalid_weekday_422" time="0.045" /><testcase classname="tests.test_iter22_billing_schedule.TestCycleSchedule" name="test_delete_clears" time="0.096" /><testcase classname="tests.test_iter22_billing_schedule.TestCronRunSchedules" name="test_cron_no_secret_401" time="0.046" /><testcase classname="tests.test_iter22_billing_schedule.TestCronRunSchedules" name="test_cron_with_secret_runs" time="0.295" /><testcase classname="tests.test_iter22_billing_schedule.TestCronRunSchedules" name="test_cron_wrong_secret_401" time="0.046" /></testsuite></testsuites>