<?xml version="1.0" encoding="utf-8"?><testsuites name="pytest tests"><testsuite name="pytest" errors="0" failures="0" skipped="0" tests="9" time="1.326" timestamp="2026-04-27T13:33:58.614676+00:00" hostname="agent-env-b743e357-5d4a-4174-b930-e8155d2812c7"><testcase classname="backend.tests.test_iter41_signal_actions.TestRecommendations" name="test_recommendations_shape" time="0.588" /><testcase classname="backend.tests.test_iter41_signal_actions.TestRecommendations" name="test_recommendations_404_for_unknown_signal" time="0.056" /><testcase classname="backend.tests.test_iter41_signal_actions.TestRecommendations" name="test_bucket_inference_per_known_buckets" time="0.055" /><testcase classname="backend.tests.test_iter41_signal_actions.TestActionLogging" name="test_acted_resolves_label_from_idx" time="0.116" /><testcase classname="backend.tests.test_iter41_signal_actions.TestActionLogging" name="test_shared_unique_recipient_count" time="0.227" /><testcase classname="backend.tests.test_iter41_signal_actions.TestActionLogging" name="test_invalid_action_type_422" time="0.054" /><testcase classname="backend.tests.test_iter41_signal_actions.TestActionLogging" name="test_note_max_length" time="0.054" /><testcase classname="backend.tests.test_iter41_signal_actions.TestActionLogging" name="test_action_404_for_unknown_signal" time="0.053" /><testcase classname="backend.tests.test_iter41_signal_actions.TestTenancy" name="test_unknown_context_blocked" time="0.062" /></testsuite></testsuites>