<?xml version="1.0" encoding="utf-8"?><testsuites name="pytest tests"><testsuite name="pytest" errors="0" failures="0" skipped="1" tests="12" time="21.366" timestamp="2026-04-26T20:00:20.597764+00:00" hostname="agent-env-b743e357-5d4a-4174-b930-e8155d2812c7"><testcase classname="backend.tests.test_iter31_lens_coach_email.TestCoach" name="test_start_unknown_lens_400" time="0.508" /><testcase classname="backend.tests.test_iter31_lens_coach_email.TestCoach" name="test_start_session_returns_shape" time="0.050" /><testcase classname="backend.tests.test_iter31_lens_coach_email.TestCoach" name="test_list_sessions_strips_messages" time="0.051" /><testcase classname="backend.tests.test_iter31_lens_coach_email.TestCoach" name="test_get_session_full_payload" time="0.051" /><testcase classname="backend.tests.test_iter31_lens_coach_email.TestCoach" name="test_post_message_appends_user_and_akki" time="10.715" /><testcase classname="backend.tests.test_iter31_lens_coach_email.TestCoach" name="test_lens_switch_midthread_updates_session_lens" time="8.871" /><testcase classname="backend.tests.test_iter31_lens_coach_email.TestCoach" name="test_post_unknown_lens_400" time="0.054" /><testcase classname="backend.tests.test_iter31_lens_coach_email.TestCoach" name="test_archive_session_then_404" time="0.205" /><testcase classname="backend.tests.test_iter31_lens_coach_email.TestEmailShares" name="test_share_email_persists_email_send_id" time="0.360" /><testcase classname="backend.tests.test_iter31_lens_coach_email.TestEmailShares" name="test_document_share_persists_email_send_id" time="0.325" /><testcase classname="backend.tests.test_iter31_lens_coach_email.TestBriefingsCopy" name="test_briefings_endpoint_works" time="0.049" /><testcase classname="backend.tests.test_iter31_lens_coach_email.TestLearnEndpoint" name="test_learn_endpoint" time="0.048"><skipped type="pytest.skip" message="/api/learn/articles not present — synth is frontend-only">/app/backend/tests/test_iter31_lens_coach_email.py:206: /api/learn/articles not present — synth is frontend-only</skipped></testcase></testsuite></testsuites>