<?xml version="1.0" encoding="utf-8"?><testsuites name="pytest tests"><testsuite name="pytest" errors="0" failures="0" skipped="0" tests="14" time="2.098" timestamp="2026-04-26T05:32:13.517180+00:00" hostname="agent-env-b743e357-5d4a-4174-b930-e8155d2812c7"><testcase classname="backend.tests.test_iter24_plays.TestLibrary" name="test_library_public_no_auth" time="0.275" /><testcase classname="backend.tests.test_iter24_plays.TestLibrary" name="test_library_audience_split" time="0.055" /><testcase classname="backend.tests.test_iter24_plays.TestStartPlay" name="test_start_locked_play_returns_400" time="0.447" /><testcase classname="backend.tests.test_iter24_plays.TestStartPlay" name="test_start_board_pack_201_or_200" time="0.054" /><testcase classname="backend.tests.test_iter24_plays.TestStartPlay" name="test_start_again_returns_resumed" time="0.067" /><testcase classname="backend.tests.test_iter24_plays.TestListGet" name="test_list_plays_includes_active" time="0.055" /><testcase classname="backend.tests.test_iter24_plays.TestListGet" name="test_get_play_includes_state" time="0.056" /><testcase classname="backend.tests.test_iter24_plays.TestJump" name="test_jump_forward_no_confirm_409" time="0.054" /><testcase classname="backend.tests.test_iter24_plays.TestJump" name="test_jump_forward_with_confirm_succeeds" time="0.066" /><testcase classname="backend.tests.test_iter24_plays.TestJump" name="test_jump_backward_no_confirm_succeeds" time="0.053" /><testcase classname="backend.tests.test_iter24_plays.TestPauseResume" name="test_pause_then_resume" time="0.108" /><testcase classname="backend.tests.test_iter24_plays.TestStatePatch" name="test_patch_state_merges" time="0.163" /><testcase classname="backend.tests.test_iter24_plays.TestAdvance" name="test_advance_to_completion" time="0.390" /><testcase classname="backend.tests.test_iter24_plays.TestExit" name="test_start_new_play_then_exit" time="0.163" /></testsuite></testsuites>