<?xml version="1.0" encoding="utf-8"?><testsuites name="pytest tests"><testsuite name="pytest" errors="0" failures="0" skipped="0" tests="15" time="2.079" timestamp="2026-04-26T13:29:34.466300+00:00" hostname="agent-env-b743e357-5d4a-4174-b930-e8155d2812c7"><testcase classname="backend.tests.test_iter27_monitor" name="test_monitor_executive_function_returns_expected_shape[ceo]" time="0.543" /><testcase classname="backend.tests.test_iter27_monitor" name="test_monitor_executive_function_returns_expected_shape[cfo]" time="0.066" /><testcase classname="backend.tests.test_iter27_monitor" name="test_monitor_executive_function_returns_expected_shape[coo]" time="0.073" /><testcase classname="backend.tests.test_iter27_monitor" name="test_monitor_executive_function_returns_expected_shape[commercial]" time="0.068" /><testcase classname="backend.tests.test_iter27_monitor" name="test_monitor_executive_function_returns_expected_shape[other]" time="0.067" /><testcase classname="backend.tests.test_iter27_monitor" name="test_monitor_ned_function_returns_ned_object" time="0.060" /><testcase classname="backend.tests.test_iter27_monitor" name="test_monitor_invalid_function_rejected" time="0.055" /><testcase classname="backend.tests.test_iter27_monitor" name="test_monitor_cfo_filters_to_financial_categories" time="0.128" /><testcase classname="backend.tests.test_iter27_monitor" name="test_monitor_coo_filters_to_operational_categories" time="0.065" /><testcase classname="backend.tests.test_iter27_monitor" name="test_monitor_commercial_filters_to_strategic" time="0.068" /><testcase classname="backend.tests.test_iter27_monitor" name="test_monitor_unauthenticated_rejected" time="0.153" /><testcase classname="backend.tests.test_iter27_monitor" name="test_monitor_non_member_rejected" time="0.402" /><testcase classname="backend.tests.test_iter27_monitor" name="test_regression_agenda_evolution" time="0.059" /><testcase classname="backend.tests.test_iter27_monitor" name="test_regression_documents_listing" time="0.057" /><testcase classname="backend.tests.test_iter27_monitor" name="test_regression_document_engagement" time="0.122" /></testsuite></testsuites>