<?xml version="1.0" encoding="utf-8"?><testsuites name="pytest tests"><testsuite name="pytest" errors="0" failures="0" skipped="0" tests="7" time="80.984" timestamp="2026-04-28T16:14:45.146865+00:00" hostname="agent-env-b743e357-5d4a-4174-b930-e8155d2812c7"><testcase classname="backend.tests.test_iter56_regen_learning.TestFeedbackRegenReason" name="test_invalid_regen_reason_422" time="0.518" /><testcase classname="backend.tests.test_iter56_regen_learning.TestFeedbackRegenReason" name="test_valid_regen_reason_persists" time="0.068" /><testcase classname="backend.tests.test_iter56_regen_learning.TestOutlineLearningHint" name="test_outline_picks_up_learning_hint" time="26.502" /><testcase classname="backend.tests.test_iter56_regen_learning.TestAdminAlerts" name="test_seed_three_low_quality_rows" time="0.002" /><testcase classname="backend.tests.test_iter56_regen_learning.TestAdminAlerts" name="test_admin_quality_endpoint_returns_alerts" time="0.434" /><testcase classname="backend.tests.test_iter56_regen_learning.TestAdminAlerts" name="test_non_superadmin_forbidden" time="0.059" /><testcase classname="backend.tests.test_iter56_regen_learning.TestOutlineEditVersioning" name="test_edits_applied_persisted_on_outline" time="53.248" /></testsuite></testsuites>