<?xml version="1.0" encoding="utf-8"?><testsuites name="pytest tests"><testsuite name="pytest" errors="0" failures="0" skipped="1" tests="13" time="1.699" timestamp="2026-04-26T14:51:31.181844+00:00" hostname="agent-env-b743e357-5d4a-4174-b930-e8155d2812c7"><testcase classname="backend.tests.test_iter28_strategic_goals.TestStrategicGoalsCRUD" name="test_list_initial" time="0.471" /><testcase classname="backend.tests.test_iter28_strategic_goals.TestStrategicGoalsCRUD" name="test_create_goal_cfo" time="0.054" /><testcase classname="backend.tests.test_iter28_strategic_goals.TestStrategicGoalsCRUD" name="test_create_goal_clamp_invalid_score" time="0.050" /><testcase classname="backend.tests.test_iter28_strategic_goals.TestStrategicGoalsCRUD" name="test_list_filter_by_department" time="0.051" /><testcase classname="backend.tests.test_iter28_strategic_goals.TestStrategicGoalsCRUD" name="test_list_filter_excludes_other_dept" time="0.050" /><testcase classname="backend.tests.test_iter28_strategic_goals.TestStrategicGoalsCRUD" name="test_patch_goal_partial" time="0.102" /><testcase classname="backend.tests.test_iter28_strategic_goals.TestStrategicGoalsCRUD" name="test_patch_goal_clamp" time="0.051" /><testcase classname="backend.tests.test_iter28_strategic_goals.TestStrategicGoalsCRUD" name="test_patch_unknown_goal" time="0.047" /><testcase classname="backend.tests.test_iter28_strategic_goals.TestStrategicGoalsCRUD" name="test_extract_404_for_unknown_doc" time="0.055" /><testcase classname="backend.tests.test_iter28_strategic_goals.TestStrategicGoalsCRUD" name="test_extract_400_doc_no_text" time="0.058"><skipped type="pytest.skip" message="no empty-text doc available to validate 400 path">/app/backend/tests/test_iter28_strategic_goals.py:152: no empty-text doc available to validate 400 path</skipped></testcase><testcase classname="backend.tests.test_iter28_strategic_goals.TestStrategicGoalsCRUD" name="test_delete_goal" time="0.127" /><testcase classname="backend.tests.test_iter28_strategic_goals.TestStrategicGoalsCRUD" name="test_delete_unknown_goal" time="0.049" /><testcase classname="backend.tests.test_iter28_strategic_goals.TestExecutiveFunctionPref" name="test_patch_and_persist" time="0.469" /></testsuite></testsuites>