<?xml version="1.0" encoding="utf-8"?><testsuites name="pytest tests"><testsuite name="pytest" errors="0" failures="0" skipped="0" tests="7" time="7.262" timestamp="2026-04-26T23:33:41.469849+00:00" hostname="agent-env-b743e357-5d4a-4174-b930-e8155d2812c7"><testcase classname="backend.tests.test_iter33_summary_compose.TestDocumentSummary" name="test_summary_first_call_returns_payload" time="6.813" /><testcase classname="backend.tests.test_iter33_summary_compose.TestDocumentSummary" name="test_summary_cache_hit_is_fast_and_identical" time="0.119" /><testcase classname="backend.tests.test_iter33_summary_compose.TestDocumentSummary" name="test_summary_404_when_doc_missing" time="0.050" /><testcase classname="backend.tests.test_iter33_summary_compose.TestDocumentSummary" name="test_get_document_includes_akki_summary" time="0.048" /><testcase classname="backend.tests.test_iter33_summary_compose.TestComposeReportDescription" name="test_compose_accepts_description_and_surfaces_in_body" time="0.052" /><testcase classname="backend.tests.test_iter33_summary_compose.TestComposeReportDescription" name="test_compose_without_description_still_succeeds" time="0.049" /><testcase classname="backend.tests.test_iter33_summary_compose.TestComposeReportDescription" name="test_compose_description_too_long_rejected" time="0.056" /></testsuite></testsuites>