<?xml version="1.0" encoding="utf-8"?><testsuites name="pytest tests"><testsuite name="pytest" errors="0" failures="0" skipped="0" tests="12" time="52.936" timestamp="2026-04-29T07:15:52.430766+00:00" hostname="agent-env-b743e357-5d4a-4174-b930-e8155d2812c7"><testcase classname="backend.tests.test_iter61_solve_engine.TestSolveClusters" name="test_list_clusters" time="0.451" /><testcase classname="backend.tests.test_iter61_solve_engine.TestSolveSessionFlow" name="test_start_advance_complete" time="35.849" /><testcase classname="backend.tests.test_iter61_solve_engine.TestSolveSessionFlow" name="test_restart_session" time="8.425" /><testcase classname="backend.tests.test_iter61_solve_engine.TestSolveSessionFlow" name="test_abandon_session" time="6.285" /><testcase classname="backend.tests.test_iter61_solve_engine.TestSolveSessionFlow" name="test_list_sessions_sort" time="0.046" /><testcase classname="backend.tests.test_iter61_solve_engine.TestSolveSessionFlow" name="test_list_sessions_status_filter" time="0.046" /><testcase classname="backend.tests.test_iter61_solve_engine.TestSolveSessionFlow" name="test_intent_too_short_rejected" time="0.045" /><testcase classname="backend.tests.test_iter61_solve_engine.TestSolveSessionFlow" name="test_unknown_cluster_rejected" time="0.046" /><testcase classname="backend.tests.test_iter61_solve_engine.TestWalkinContextHint" name="test_walkin_endpoint_validates_input" time="0.046" /><testcase classname="backend.tests.test_iter61_solve_engine.TestAdminAuthEvents" name="test_auth_events_shape" time="0.321" /><testcase classname="backend.tests.test_iter61_solve_engine.TestAdminAuthEvents" name="test_auth_events_nonadmin_forbidden" time="0.044" /><testcase classname="backend.tests.test_iter61_solve_engine.TestAdminAuthEvents" name="test_failure_increments_after_bad_login" time="1.233" /></testsuite></testsuites>