<?xml version="1.0" encoding="utf-8"?><testsuites name="pytest tests"><testsuite name="pytest" errors="0" failures="0" skipped="0" tests="8" time="7.506" timestamp="2026-04-27T11:51:49.462422+00:00" hostname="agent-env-b743e357-5d4a-4174-b930-e8155d2812c7"><testcase classname="tests.test_iter38_sandbox_tier1.TestSandboxGenerate" name="test_generate_with_objective_and_other_sector" time="0.203" /><testcase classname="tests.test_iter38_sandbox_tier1.TestSandboxGenerate" name="test_generate_without_objective_accepts" time="0.221" /><testcase classname="tests.test_iter38_sandbox_tier1.TestSandboxGenerate" name="test_status_reaches_ready" time="1.494" /><testcase classname="tests.test_iter38_sandbox_tier1.TestSandboxTutorial" name="test_tutorial_with_objective_embeds_in_opener" time="1.518" /><testcase classname="tests.test_iter38_sandbox_tier1.TestSandboxTutorial" name="test_tutorial_without_objective_falls_back_to_signal" time="1.520" /><testcase classname="tests.test_iter38_sandbox_tier1.TestSandboxTutorial" name="test_tutorial_dismiss_persists" time="1.684" /><testcase classname="tests.test_iter38_sandbox_tier1.TestSeededRealContext" name="test_create_seeded_executive_context" time="0.654" /><testcase classname="tests.test_iter38_sandbox_tier1.TestSeededRealContext" name="test_create_seeded_ned_context" time="0.122" /></testsuite></testsuites>