<?xml version="1.0" encoding="utf-8"?><testsuites name="pytest tests"><testsuite name="pytest" errors="0" failures="0" skipped="0" tests="9" time="1.323" timestamp="2026-04-26T19:24:23.036362+00:00" hostname="agent-env-b743e357-5d4a-4174-b930-e8155d2812c7"><testcase classname="backend.tests.test_iter30_blog_lens.TestBlogRSS" name="test_rss_returns_atom_xml" time="0.135" /><testcase classname="backend.tests.test_iter30_blog_lens.TestCronWeekly" name="test_cron_weekly_unauthorized_without_secret" time="0.050" /><testcase classname="backend.tests.test_iter30_blog_lens.TestCronWeekly" name="test_cron_weekly_wrong_secret" time="0.048" /><testcase classname="backend.tests.test_iter30_blog_lens.TestSeedLaunch10" name="test_seed_launch_anon_401" time="0.141" /><testcase classname="backend.tests.test_iter30_blog_lens.TestSeedLaunch10" name="test_seed_launch_non_admin_403" time="0.481" /><testcase classname="backend.tests.test_iter30_blog_lens.TestRegression" name="test_blog_posts_public" time="0.048" /><testcase classname="backend.tests.test_iter30_blog_lens.TestRegression" name="test_strategic_goals_endpoint" time="0.171" /><testcase classname="backend.tests.test_iter30_blog_lens.TestRegression" name="test_monitor_endpoint" time="0.184" /><testcase classname="backend.tests.test_iter30_blog_lens.TestRegression" name="test_scheduler_log_present" time="0.002" /></testsuite></testsuites>