<?xml version="1.0" encoding="utf-8"?><testsuites name="pytest tests"><testsuite name="pytest" errors="0" failures="0" skipped="0" tests="12" time="50.357" timestamp="2026-04-27T21:23:58.335199+00:00" hostname="agent-env-b743e357-5d4a-4174-b930-e8155d2812c7"><testcase classname="backend.tests.test_iter44_prepare.TestBriefKinds" name="test_list_kinds" time="0.533" /><testcase classname="backend.tests.test_iter44_prepare.TestBriefCRUD" name="test_create_brief" time="15.247" /><testcase classname="backend.tests.test_iter44_prepare.TestBriefCRUD" name="test_list_briefs_contains_created" time="0.053" /><testcase classname="backend.tests.test_iter44_prepare.TestBriefCRUD" name="test_get_brief" time="0.059" /><testcase classname="backend.tests.test_iter44_prepare.TestBriefCRUD" name="test_get_missing_returns_404" time="0.064" /><testcase classname="backend.tests.test_iter44_prepare.TestBriefCRUD" name="test_unknown_kind_422" time="0.049" /><testcase classname="backend.tests.test_iter44_prepare.TestBriefCRUD" name="test_delete_brief" time="0.108" /><testcase classname="backend.tests.test_iter44_prepare.TestBriefCRUD" name="test_delete_missing_returns_404" time="0.052" /><testcase classname="backend.tests.test_iter44_prepare.TestRegression" name="test_signals_generate_reachable" time="33.950" /><testcase classname="backend.tests.test_iter44_prepare.TestRegression" name="test_signals_list" time="0.064" /><testcase classname="backend.tests.test_iter44_prepare.TestRegression" name="test_briefings_list" time="0.052" /><testcase classname="backend.tests.test_iter44_prepare.TestRegression" name="test_home_stream" time="0.062" /></testsuite></testsuites>