<?xml version="1.0" encoding="utf-8"?><testsuites name="pytest tests"><testsuite name="pytest" errors="0" failures="0" skipped="0" tests="12" time="10.347" timestamp="2026-04-27T06:18:16.829597+00:00" hostname="agent-env-b743e357-5d4a-4174-b930-e8155d2812c7"><testcase classname="backend.tests.test_iter36.TestAuditExport" name="test_export_zip_structure" time="7.685" /><testcase classname="backend.tests.test_iter36.TestAuditExport" name="test_verify_py_ok_on_untampered" time="0.140" /><testcase classname="backend.tests.test_iter36.TestAuditExport" name="test_verify_py_detects_tamper" time="0.130" /><testcase classname="backend.tests.test_iter36.TestAuditExport" name="test_export_appends_audit_exported_row" time="0.728" /><testcase classname="backend.tests.test_iter36.TestAuditExport" name="test_cross_account_export_404" time="0.451" /><testcase classname="backend.tests.test_iter36.TestDocEvolutionShare" name="test_share_doc_evolution_success" time="0.326" /><testcase classname="backend.tests.test_iter36.TestDocEvolutionShare" name="test_share_doc_evolution_404_when_missing" time="0.120" /><testcase classname="backend.tests.test_iter36.TestInfluenceMap" name="test_shape" time="0.109" /><testcase classname="backend.tests.test_iter36.TestInfluenceMap" name="test_default_days_is_30" time="0.105" /><testcase classname="backend.tests.test_iter36.TestInfluenceMap" name="test_days_validation_422" time="0.260" /><testcase classname="backend.tests.test_iter36.TestInfluenceMap" name="test_cross_context_isolation" time="0.109" /><testcase classname="backend.tests.test_iter36.TestInfluenceMap" name="test_empty_narrow_window" time="0.115" /></testsuite></testsuites>