<?xml version="1.0" encoding="utf-8"?><testsuites name="pytest tests"><testsuite name="pytest" errors="0" failures="0" skipped="0" tests="6" time="18.112" timestamp="2026-04-28T07:31:50.793856+00:00" hostname="agent-env-b743e357-5d4a-4174-b930-e8155d2812c7"><testcase classname="backend.tests.test_iter50.TestBriefs" name="test_create_brief_shape_and_latency" time="17.647" /><testcase classname="backend.tests.test_iter50.TestBriefs" name="test_get_brief_persisted_final_verdict" time="0.054" /><testcase classname="backend.tests.test_iter50.TestBriefs" name="test_list_briefs_regression" time="0.055" /><testcase classname="backend.tests.test_iter50.TestMinutes" name="test_minutes_listing_shape" time="0.055" /><testcase classname="backend.tests.test_iter50.TestMinutes" name="test_minutes_filename_heuristic" time="0.174" /><testcase classname="backend.tests.test_iter50.TestRegression" name="test_strategic_goals" time="0.053" /></testsuite></testsuites>