<?xml version="1.0" encoding="utf-8"?><testsuites name="pytest tests"><testsuite name="pytest" errors="0" failures="0" skipped="0" tests="7" time="3.941" timestamp="2026-04-27T09:57:30.751275+00:00" hostname="agent-env-b743e357-5d4a-4174-b930-e8155d2812c7"><testcase classname="backend.tests.test_iter37_38.TestAdminHealth" name="test_unauthenticated_returns_401" time="0.237" /><testcase classname="backend.tests.test_iter37_38.TestAdminHealth" name="test_regular_user_returns_403" time="0.454" /><testcase classname="backend.tests.test_iter37_38.TestAdminHealth" name="test_admin_full_grid" time="2.520" /><testcase classname="backend.tests.test_iter37_38.TestInfluenceDigest" name="test_manual_digest_runs" time="0.287" /><testcase classname="backend.tests.test_iter37_38.TestCronWeeklyDigest" name="test_wrong_secret_403" time="0.131" /><testcase classname="backend.tests.test_iter37_38.TestCronWeeklyDigest" name="test_no_secret_403" time="0.100" /><testcase classname="backend.tests.test_iter37_38.TestCronWeeklyDigest" name="test_correct_secret_runs" time="0.141" /></testsuite></testsuites>