<?xml version="1.0" encoding="utf-8"?><testsuites name="pytest tests"><testsuite name="pytest" errors="0" failures="0" skipped="0" tests="9" time="16.864" timestamp="2026-04-27T21:46:21.948885+00:00" hostname="agent-env-b743e357-5d4a-4174-b930-e8155d2812c7"><testcase classname="backend.tests.test_iter45_shares_brief.TestRefactorRegression" name="test_brief_kinds_still_works" time="0.545" /><testcase classname="backend.tests.test_iter45_shares_brief.TestRefactorRegression" name="test_brief_create_parses_llm_json" time="15.634" /><testcase classname="backend.tests.test_iter45_shares_brief.TestBriefShare" name="test_share_brief_happy_path" time="0.063" /><testcase classname="backend.tests.test_iter45_shares_brief.TestBriefShare" name="test_brief_share_appears_in_outbox" time="0.055" /><testcase classname="backend.tests.test_iter45_shares_brief.TestBriefShare" name="test_share_brief_missing_returns_404" time="0.059" /><testcase classname="backend.tests.test_iter45_shares_brief.TestBriefShare" name="test_revoke_brief_share" time="0.057" /><testcase classname="backend.tests.test_iter45_shares_brief.TestSignalShareRegression" name="test_share_signal_still_works" time="0.175" /><testcase classname="backend.tests.test_iter45_shares_brief.TestSignalShareRegression" name="test_share_invalid_item_type_422" time="0.065" /><testcase classname="backend.tests.test_iter45_shares_brief.TestHomeStreamRegression" name="test_home_stream_reachable" time="0.135" /></testsuite></testsuites>