<?xml version="1.0" encoding="utf-8"?><testsuites name="pytest tests"><testsuite name="pytest" errors="0" failures="0" skipped="0" tests="7" time="2.085" timestamp="2026-04-27T12:18:08.499753+00:00" hostname="agent-env-b743e357-5d4a-4174-b930-e8155d2812c7"><testcase classname="tests.test_iter39_briefings_objective_check.TestBriefings" name="test_list_briefings_has_read_fields" time="0.487" /><testcase classname="tests.test_iter39_briefings_objective_check.TestBriefings" name="test_clear_then_mark_read_manual" time="0.574" /><testcase classname="tests.test_iter39_briefings_objective_check.TestBriefings" name="test_mark_read_scroll_idempotent" time="0.217" /><testcase classname="tests.test_iter39_briefings_objective_check.TestBriefings" name="test_mark_read_404_on_unknown" time="0.056" /><testcase classname="tests.test_iter39_briefings_objective_check.TestObjectiveCheck" name="test_objective_check_lifecycle_seeded" time="0.297" /><testcase classname="tests.test_iter39_briefings_objective_check.TestObjectiveCheck" name="test_objective_check_skip_dismisses" time="0.178" /><testcase classname="tests.test_iter39_briefings_objective_check.TestObjectiveCheck" name="test_objective_check_invalid_answer" time="0.114" /></testsuite></testsuites>