<?xml version="1.0" encoding="utf-8"?><testsuites name="pytest tests"><testsuite name="pytest" errors="0" failures="0" skipped="0" tests="7" time="13.705" timestamp="2026-04-29T20:42:22.680238+00:00" hostname="agent-env-b743e357-5d4a-4174-b930-e8155d2812c7"><testcase classname="backend.tests.test_iter65_landing.TestSensitivityDemo" name="test_benign_text_scores_low" time="2.149" /><testcase classname="backend.tests.test_iter65_landing.TestSensitivityDemo" name="test_restricted_text_scores_high" time="2.128" /><testcase classname="backend.tests.test_iter65_landing.TestSensitivityDemo" name="test_short_payload_rejected" time="2.218" /><testcase classname="backend.tests.test_iter65_landing.TestSensitivityDemo" name="test_long_payload_rejected" time="2.189" /><testcase classname="backend.tests.test_iter65_landing.TestSensitivityDemo" name="test_rate_limit_burst" time="2.383" /><testcase classname="backend.tests.test_iter65_landing.TestIter64Regression" name="test_studio_history_requires_auth" time="2.193" /><testcase classname="backend.tests.test_iter65_landing.TestIter64Regression" name="test_login_works" time="0.363" /></testsuite></testsuites>