<?xml version="1.0" encoding="utf-8"?><testsuites name="pytest tests"><testsuite name="pytest" errors="0" failures="0" skipped="0" tests="12" time="5.696" timestamp="2026-04-29T03:48:30.425915+00:00" hostname="agent-env-b743e357-5d4a-4174-b930-e8155d2812c7"><testcase classname="backend.tests.test_iter58_walkin_solve.TestSolve" name="test_get_interest_me_submitted" time="0.568" /><testcase classname="backend.tests.test_iter58_walkin_solve.TestSolve" name="test_post_interest_creates_record" time="0.080" /><testcase classname="backend.tests.test_iter58_walkin_solve.TestSolve" name="test_get_interest_me_after_post" time="0.072" /><testcase classname="backend.tests.test_iter58_walkin_solve.TestSolve" name="test_interest_requires_auth" time="0.147" /><testcase classname="backend.tests.test_iter58_walkin_solve.TestWalkinDeck" name="test_walkin_deck_cached_first_call" time="0.086" /><testcase classname="backend.tests.test_iter58_walkin_solve.TestWalkinDeck" name="test_walkin_deck_idempotent_cached" time="0.144" /><testcase classname="backend.tests.test_iter58_walkin_solve.TestWalkinDeck" name="test_walkin_regenerate_changes_id" time="3.987" /><testcase classname="backend.tests.test_iter58_walkin_solve.TestWalkinValidation" name="test_invalid_kind_422" time="0.073" /><testcase classname="backend.tests.test_iter58_walkin_solve.TestWalkinValidation" name="test_artefact_not_found_404" time="0.076" /><testcase classname="backend.tests.test_iter58_walkin_solve.TestWalkinValidation" name="test_not_member_403" time="0.067" /><testcase classname="backend.tests.test_iter58_walkin_solve.TestWalkinValidation" name="test_walkin_requires_auth" time="0.164" /><testcase classname="backend.tests.test_iter58_walkin_solve.TestWalkinPersistence" name="test_walkin_persisted_on_deck" time="0.138" /></testsuite></testsuites>