<?xml version="1.0" encoding="utf-8"?><testsuites name="pytest tests"><testsuite name="pytest" errors="0" failures="0" skipped="0" tests="11" time="9.400" timestamp="2026-04-26T22:40:57.384059+00:00" hostname="agent-env-b743e357-5d4a-4174-b930-e8155d2812c7"><testcase classname="backend.tests.test_iter32_report_deck_coach.TestReportDeckPdf" name="test_deck_pdf_happy_path" time="0.469" /><testcase classname="backend.tests.test_iter32_report_deck_coach.TestReportDeckPdf" name="test_deck_pdf_unauth_401" time="0.113" /><testcase classname="backend.tests.test_iter32_report_deck_coach.TestReportDeckPdf" name="test_deck_pdf_non_member_403" time="0.379" /><testcase classname="backend.tests.test_iter32_report_deck_coach.TestReportDeckPdf" name="test_deck_pdf_404_unknown_report" time="0.050" /><testcase classname="backend.tests.test_iter32_report_deck_coach.TestLegacyReportPdfRegression" name="test_legacy_pdf_still_works" time="0.061" /><testcase classname="backend.tests.test_iter32_report_deck_coach.TestLensCoachRegression" name="test_create_session_returns_active" time="0.051" /><testcase classname="backend.tests.test_iter32_report_deck_coach.TestLensCoachRegression" name="test_list_includes_session" time="0.052" /><testcase classname="backend.tests.test_iter32_report_deck_coach.TestLensCoachRegression" name="test_get_active_session_200" time="0.052" /><testcase classname="backend.tests.test_iter32_report_deck_coach.TestLensCoachRegression" name="test_post_message_appends_turns" time="7.705" /><testcase classname="backend.tests.test_iter32_report_deck_coach.TestLensCoachRegression" name="test_archive_then_get_404" time="0.352" /><testcase classname="backend.tests.test_iter32_report_deck_coach.TestCoachValidation" name="test_unknown_lens_400" time="0.047" /></testsuite></testsuites>