<?xml version="1.0" encoding="utf-8"?><testsuites name="pytest tests"><testsuite name="pytest" errors="0" failures="0" skipped="0" tests="14" time="1.575" timestamp="2026-04-29T18:59:45.878231+00:00" hostname="agent-env-b743e357-5d4a-4174-b930-e8155d2812c7"><testcase classname="backend.tests.test_iter64_studio.TestStudioHistory" name="test_history_merges_decks_and_briefings" time="0.549" /><testcase classname="backend.tests.test_iter64_studio.TestBackfillSensitivity" name="test_backfill_idempotent" time="0.124" /><testcase classname="backend.tests.test_iter64_studio.TestReadReceipt" name="test_view_records_and_dedupes_same_day" time="0.189" /><testcase classname="backend.tests.test_iter64_studio.TestReadReceipt" name="test_view_unknown_deck_returns_404" time="0.061" /><testcase classname="backend.tests.test_iter64_studio.TestEngagement" name="test_engagement_shape" time="0.059" /><testcase classname="backend.tests.test_iter64_studio.TestEngagement" name="test_share_increments_count" time="0.243" /><testcase classname="backend.tests.test_iter64_studio.TestRescore" name="test_rescore_returns_updated_sensitivity" time="0.066" /><testcase classname="backend.tests.test_iter64_studio.TestScorerCorrectness" name="test_benign_scores_public_or_internal" time="0.002" /><testcase classname="backend.tests.test_iter64_studio.TestScorerCorrectness" name="test_ma_keywords_bump_to_confidential_or_higher" time="0.000" /><testcase classname="backend.tests.test_iter64_studio.TestScorerCorrectness" name="test_restricted_triggers" time="0.000" /><testcase classname="backend.tests.test_iter64_studio.TestScorerCorrectness" name="test_exposure_score_banding" time="0.000" /><testcase classname="backend.tests.test_iter64_studio.TestRegression" name="test_pro_status_ok" time="0.056" /><testcase classname="backend.tests.test_iter64_studio.TestRegression" name="test_solve_clusters_ok" time="0.059" /><testcase classname="backend.tests.test_iter64_studio.TestRegression" name="test_prepare_page_context_endpoint_ok" time="0.071" /></testsuite></testsuites>