<?xml version="1.0" encoding="utf-8"?><testsuites name="pytest tests"><testsuite name="pytest" errors="0" failures="0" skipped="0" tests="9" time="1.255" timestamp="2026-04-26T09:38:13.224947+00:00" hostname="agent-env-b743e357-5d4a-4174-b930-e8155d2812c7"><testcase classname="backend.tests.test_iter26_engagement.TestAgendaEvolution" name="test_get_agenda_evolution_shape" time="0.454" /><testcase classname="backend.tests.test_iter26_engagement.TestAgendaEvolution" name="test_agenda_evolution_unauth" time="0.129" /><testcase classname="backend.tests.test_iter26_engagement.TestDocumentEngagement" name="test_view_record_and_dedupe" time="0.176" /><testcase classname="backend.tests.test_iter26_engagement.TestDocumentEngagement" name="test_view_unauth_blocked" time="0.107" /><testcase classname="backend.tests.test_iter26_engagement.TestDocumentEngagement" name="test_view_invalid_doc" time="0.047" /><testcase classname="backend.tests.test_iter26_engagement.TestDocumentEngagement" name="test_share_record" time="0.049" /><testcase classname="backend.tests.test_iter26_engagement.TestDocumentEngagement" name="test_share_invalid_email" time="0.047" /><testcase classname="backend.tests.test_iter26_engagement.TestDocumentEngagement" name="test_engagement_summary_excludes_owner" time="0.046" /><testcase classname="backend.tests.test_iter26_engagement.TestDocumentEngagement" name="test_engagement_unauth_blocked" time="0.128" /></testsuite></testsuites>