<?xml version="1.0" encoding="utf-8"?><testsuites name="pytest tests"><testsuite name="pytest" errors="0" failures="4" skipped="0" tests="68" time="35.883" timestamp="2026-04-26T09:38:19.981907+00:00" hostname="agent-env-b743e357-5d4a-4174-b930-e8155d2812c7"><testcase classname="backend.tests.test_iter25_plays_slice2.TestLibrarySlice2" name="test_library_has_2_available" time="0.116" /><testcase classname="backend.tests.test_iter25_plays_slice2.TestLibrarySlice2" name="test_library_locked_stubs" time="0.045" /><testcase classname="backend.tests.test_iter25_plays_slice2.TestStartPreBoard" name="test_start_pre_board_returns_5_stages" time="0.414"><failure message="AssertionError: assert 'Pre-Board Workflow' == 'Pre-Board Play'&#10;  &#10;  - Pre-Board Play&#10;  + Pre-Board Workflow">E   AssertionError: assert 'Pre-Board Workflow' == 'Pre-Board Play'
      
      - Pre-Board Play
      + Pre-Board Workflow</failure></testcase><testcase classname="backend.tests.test_iter25_plays_slice2.TestStartPreBoard" name="test_start_cross_board_pulse_returns_400" time="0.046" /><testcase classname="backend.tests.test_iter25_plays_slice2.TestAutoLaunchHook" name="test_setup_schedule_and_force_past" time="0.062" /><testcase classname="backend.tests.test_iter25_plays_slice2.TestAutoLaunchHook" name="test_cron_run_spawns_auto_play" time="0.153" /><testcase classname="backend.tests.test_iter25_plays_slice2.TestAutoLaunchHook" name="test_cron_idempotent" time="0.169" /><testcase classname="backend.tests.test_iter25_plays_slice2.TestSeenEndpoint" name="test_seen_marks_auto_launched" time="0.094" /><testcase classname="backend.tests.test_iter25_plays_slice2.TestSeenEndpoint" name="test_seen_idempotent" time="0.046" /><testcase classname="backend.tests.test_iter25_plays_slice2.TestSeenEndpoint" name="test_seen_on_non_auto_launched_play_returns_200" time="0.044"><failure message="AssertionError: {&quot;detail&quot;:&quot;Method Not Allowed&quot;}&#10;assert 405 == 200&#10; +  where 405 = &lt;Response [405]&gt;.status_code">E   AssertionError: {"detail":"Method Not Allowed"}
    assert 405 == 200
     +  where 405 = &lt;Response [405]&gt;.status_code</failure></testcase><testcase classname="backend.tests.test_iter25_plays_slice2.TestPreBoardRead" name="test_read_pack_too_short_422" time="0.044"><failure message="AssertionError: {&quot;detail&quot;:&quot;Not Found&quot;}&#10;assert 404 == 422&#10; +  where 404 = &lt;Response [404]&gt;.status_code">E   AssertionError: {"detail":"Not Found"}
    assert 404 == 422
     +  where 404 = &lt;Response [404]&gt;.status_code</failure></testcase><testcase classname="backend.tests.test_iter25_plays_slice2.TestPreBoardRead" name="test_read_pack_on_board_pack_play_returns_400" time="0.046" /><testcase classname="backend.tests.test_iter25_plays_slice2.TestPreBoardRead" name="test_read_pack_success" time="0.044"><failure message="AssertionError: (0.0s) 404 {&quot;detail&quot;:&quot;Not Found&quot;}&#10;assert 404 == 200&#10; +  where 404 = &lt;Response [404]&gt;.status_code">E   AssertionError: (0.0s) 404 {"detail":"Not Found"}
    assert 404 == 200
     +  where 404 = &lt;Response [404]&gt;.status_code</failure></testcase><testcase classname="backend.tests.test_akki_v3.TestHealth" name="test_root" time="0.110" /><testcase classname="backend.tests.test_akki_v3.TestHealth" name="test_health" time="0.110" /><testcase classname="backend.tests.test_akki_v3.TestAuth" name="test_admin_login" time="0.338" /><testcase classname="backend.tests.test_akki_v3.TestAuth" name="test_register_and_me" time="0.411" /><testcase classname="backend.tests.test_akki_v3.TestAuth" name="test_register_duplicate" time="0.099" /><testcase classname="backend.tests.test_akki_v3.TestAuth" name="test_login_invalid" time="0.330" /><testcase classname="backend.tests.test_akki_v3.TestAuth" name="test_lockout_after_5_failed" time="2.069" /><testcase classname="backend.tests.test_akki_v3.TestAuth" name="test_declare_role" time="0.049" /><testcase classname="backend.tests.test_akki_v3.TestAuth" name="test_patch_account" time="0.050" /><testcase classname="backend.tests.test_akki_v3.TestAuth" name="test_refresh" time="0.377" /><testcase classname="backend.tests.test_akki_v3.TestMFA" name="test_mfa_flow" time="0.548" /><testcase classname="backend.tests.test_akki_v3.TestMFA" name="test_mfa_invalid_code" time="0.464" /><testcase classname="backend.tests.test_akki_v3.TestPresets" name="test_industries" time="0.061" /><testcase classname="backend.tests.test_akki_v3.TestPresets" name="test_jurisdictions" time="0.046" /><testcase classname="backend.tests.test_akki_v3.TestContexts" name="test_get_context" time="0.048" /><testcase classname="backend.tests.test_akki_v3.TestContexts" name="test_rename_context" time="0.070" /><testcase classname="backend.tests.test_akki_v3.TestContexts" name="test_members_list" time="0.052" /><testcase classname="backend.tests.test_akki_v3.TestContexts" name="test_default_context" time="0.049" /><testcase classname="backend.tests.test_akki_v3.TestContexts" name="test_outsider_cannot_get" time="0.046" /><testcase classname="backend.tests.test_akki_v3.TestContexts" name="test_outsider_cannot_members" time="0.043" /><testcase classname="backend.tests.test_akki_v3.TestContextObject" name="test_save_and_version_increment" time="0.193" /><testcase classname="backend.tests.test_akki_v3.TestContextObject" name="test_get_latest" time="0.050" /><testcase classname="backend.tests.test_akki_v3.TestContextObject" name="test_outsider_403" time="0.043" /><testcase classname="backend.tests.test_akki_v3.TestDocuments" name="test_upload_txt" time="0.050" /><testcase classname="backend.tests.test_akki_v3.TestDocuments" name="test_upload_docx" time="0.118" /><testcase classname="backend.tests.test_akki_v3.TestDocuments" name="test_upload_unsupported_415" time="0.047" /><testcase classname="backend.tests.test_akki_v3.TestDocuments" name="test_upload_oversized_413" time="0.841" /><testcase classname="backend.tests.test_akki_v3.TestDocuments" name="test_list_documents" time="0.048" /><testcase classname="backend.tests.test_akki_v3.TestDocuments" name="test_get_document_extracted_text" time="0.066" /><testcase classname="backend.tests.test_akki_v3.TestDocuments" name="test_patch_data_trust" time="0.049" /><testcase classname="backend.tests.test_akki_v3.TestDocuments" name="test_download" time="0.050" /><testcase classname="backend.tests.test_akki_v3.TestDocuments" name="test_outsider_cannot_upload" time="0.043" /><testcase classname="backend.tests.test_akki_v3.TestSignals" name="test_generate_signals" time="19.059" /><testcase classname="backend.tests.test_akki_v3.TestSignals" name="test_list_signals" time="0.057" /><testcase classname="backend.tests.test_akki_v3.TestSignals" name="test_dismiss_signal" time="0.049" /><testcase classname="backend.tests.test_akki_v3.TestSignalsNoDocs" name="test_generate_with_no_docs_returns_400" time="0.124" /><testcase classname="backend.tests.test_akki_v3.TestAsk" name="test_ask_with_docs" time="7.065" /><testcase classname="backend.tests.test_akki_v3.TestAsk" name="test_ask_history" time="0.051" /><testcase classname="backend.tests.test_akki_v3.TestInvitations" name="test_create_invitation" time="0.062" /><testcase classname="backend.tests.test_akki_v3.TestInvitations" name="test_preview_by_token" time="0.150" /><testcase classname="backend.tests.test_akki_v3.TestInvitations" name="test_wrong_email_accept_blocked" time="0.049" /><testcase classname="backend.tests.test_akki_v3.TestInvitations" name="test_correct_email_accept" time="0.047" /><testcase classname="backend.tests.test_akki_v3.TestInvitations" name="test_outsider_cannot_invite" time="0.044" /><testcase classname="backend.tests.test_akki_v3.TestInvitations" name="test_list_invitations" time="0.056" /><testcase classname="backend.tests.test_akki_v3.TestMemberRestrictions" name="test_member_cannot_rename" time="0.044" /><testcase classname="backend.tests.test_akki_v3.TestMemberRestrictions" name="test_member_cannot_delete" time="0.042" /><testcase classname="backend.tests.test_akki_v3.TestMemberRestrictions" name="test_member_cannot_invite" time="0.043" /><testcase classname="backend.tests.test_akki_v3.TestMemberRestrictions" name="test_member_cannot_export" time="0.044" /><testcase classname="backend.tests.test_akki_v3.TestMemberRestrictions" name="test_member_cannot_save_context_object" time="0.048" /><testcase classname="backend.tests.test_akki_v3.TestAuditExport" name="test_audit_log" time="0.050" /><testcase classname="backend.tests.test_akki_v3.TestAuditExport" name="test_export" time="0.066" /><testcase classname="backend.tests.test_akki_v3.TestAuditExport" name="test_telemetry_member" time="0.056" /><testcase classname="backend.tests.test_akki_v3.TestAuditExport" name="test_telemetry_outsider_403" time="0.042" /><testcase classname="backend.tests.test_akki_v3.TestDocumentArchive" name="test_archive" time="0.096" /><testcase classname="backend.tests.test_akki_v3.TestDocumentArchive" name="test_logout" time="0.049" /></testsuite></testsuites>