<?xml version="1.0" encoding="utf-8"?><testsuites name="pytest tests"><testsuite name="pytest" errors="0" failures="0" skipped="0" tests="6" time="3.995" timestamp="2026-04-28T06:43:52.319852+00:00" hostname="agent-env-b743e357-5d4a-4174-b930-e8155d2812c7"><testcase classname="backend.tests.test_iter48.TestSandboxSampleDoc" name="test_sample_doc_non_sandbox_returns_404" time="0.545" /><testcase classname="backend.tests.test_iter48.TestSandboxSampleDoc" name="test_sample_doc_preview_for_sandbox" time="2.454" /><testcase classname="backend.tests.test_iter48.TestSandboxSampleDoc" name="test_sample_doc_accept_then_already_accepted" time="0.189" /><testcase classname="backend.tests.test_iter48.TestStrategicGoalsSort" name="test_list_sorted_by_normalised_target_date" time="0.528" /><testcase classname="backend.tests.test_iter48.TestBriefsCRUDRegression" name="test_briefs_list_returns_200" time="0.045" /><testcase classname="backend.tests.test_iter48.TestChatsRegression" name="test_create_chat_with_custom_title" time="0.138" /></testsuite></testsuites>