<?xml version="1.0" encoding="utf-8"?><testsuites name="pytest tests"><testsuite name="pytest" errors="0" failures="0" skipped="0" tests="6" time="62.648" timestamp="2026-04-28T07:11:07.713096+00:00" hostname="agent-env-b743e357-5d4a-4174-b930-e8155d2812c7"><testcase classname="tests.test_iter49.TestBriefValidation" name="test_create_brief_returns_validation_object" time="19.380" /><testcase classname="tests.test_iter49.TestBriefValidation" name="test_get_brief_persists_validation" time="0.050" /><testcase classname="tests.test_iter49.TestAskPlaysAware" name="test_ask_response_shape" time="13.738" /><testcase classname="tests.test_iter49.TestAskPlaysAware" name="test_ask_with_active_play" time="26.931" /><testcase classname="tests.test_iter49.TestStrategicGoalsRegression" name="test_list_goals_sorted" time="0.096" /><testcase classname="tests.test_iter49.TestSandboxRegression" name="test_sandbox_create_then_sampledoc" time="2.373" /></testsuite></testsuites>