<?xml version="1.0" encoding="utf-8"?><testsuites name="pytest tests"><testsuite name="pytest" errors="0" failures="0" skipped="0" tests="16" time="5.293" timestamp="2026-04-28T08:39:07.987489+00:00" hostname="agent-env-b743e357-5d4a-4174-b930-e8155d2812c7"><testcase classname="backend.tests.test_iter51_inbound_enterprise.TestInboundAddress" name="test_returns_configured_true" time="0.467" /><testcase classname="backend.tests.test_iter51_inbound_enterprise.TestInboundAddress" name="test_with_context_returns_context_address" time="0.277" /><testcase classname="backend.tests.test_iter51_inbound_enterprise.TestInboundAddress" name="test_idempotent_same_tokens" time="0.091" /><testcase classname="backend.tests.test_iter51_inbound_enterprise.TestInboundAddress" name="test_requires_auth" time="0.109" /><testcase classname="backend.tests.test_iter51_inbound_enterprise.TestPostmarkWebhook" name="test_missing_secret_401" time="0.110" /><testcase classname="backend.tests.test_iter51_inbound_enterprise.TestPostmarkWebhook" name="test_wrong_secret_401" time="0.107" /><testcase classname="backend.tests.test_iter51_inbound_enterprise.TestPostmarkWebhook" name="test_unknown_mailbox_200_ok_false" time="0.111" /><testcase classname="backend.tests.test_iter51_inbound_enterprise.TestPostmarkWebhook" name="test_valid_route_account_only" time="0.155" /><testcase classname="backend.tests.test_iter51_inbound_enterprise.TestPostmarkWebhook" name="test_valid_route_context_with_minutes_subject" time="0.103" /><testcase classname="backend.tests.test_iter51_inbound_enterprise.TestPostmarkWebhook" name="test_replay_same_message_id_returns_duplicate" time="0.214" /><testcase classname="backend.tests.test_iter51_inbound_enterprise.TestPostmarkWebhook" name="test_inbound_doc_surfaces_in_minutes_list" time="0.049" /><testcase classname="backend.tests.test_iter51_inbound_enterprise.TestMinutesExtractor" name="test_extract_returns_structured_minutes" time="2.736" /><testcase classname="backend.tests.test_iter51_inbound_enterprise.TestEnterpriseInterest" name="test_post_interest_creates_record" time="0.049" /><testcase classname="backend.tests.test_iter51_inbound_enterprise.TestEnterpriseInterest" name="test_get_me_reflects_latest" time="0.045" /><testcase classname="backend.tests.test_iter51_inbound_enterprise.TestEnterpriseInterest" name="test_post_second_interest_returns_latest" time="0.290" /><testcase classname="backend.tests.test_iter51_inbound_enterprise.TestEnterpriseInterest" name="test_requires_auth" time="0.281" /></testsuite></testsuites>