<?xml version="1.0" encoding="utf-8"?><testsuites name="pytest tests"><testsuite name="pytest" errors="0" failures="0" skipped="1" tests="9" time="1.721" timestamp="2026-04-27T13:11:36.818230+00:00" hostname="agent-env-b743e357-5d4a-4174-b930-e8155d2812c7"><testcase classname="backend.tests.test_iter40_goals_kpi.TestStrategicGoalsCategory" name="test_create_goal_with_category_and_initiatives" time="0.730" /><testcase classname="backend.tests.test_iter40_goals_kpi.TestStrategicGoalsCategory" name="test_create_goal_default_category_and_initiatives" time="0.106" /><testcase classname="backend.tests.test_iter40_goals_kpi.TestStrategicGoalsCategory" name="test_invalid_category_rejected" time="0.055" /><testcase classname="backend.tests.test_iter40_goals_kpi.TestStrategicGoalsCategory" name="test_invalid_initiatives_count_rejected" time="0.054" /><testcase classname="backend.tests.test_iter40_goals_kpi.TestSandboxKPI" name="test_kpi_requires_superadmin" time="0.054" /><testcase classname="backend.tests.test_iter40_goals_kpi.TestSandboxKPI" name="test_objectives_requires_superadmin" time="0.053" /><testcase classname="backend.tests.test_iter40_goals_kpi.TestSandboxKPI" name="test_kpi_structure" time="0.393" /><testcase classname="backend.tests.test_iter40_goals_kpi.TestSandboxKPI" name="test_objectives_list_and_filters" time="0.112" /><testcase classname="backend.tests.test_iter40_goals_kpi.TestSandboxKPI" name="test_kpi_aggregation_covers_seeded_branch" time="0.101"><skipped type="pytest.skip" message="Seeded sandbox endpoint not available: 422 {&quot;detail&quot;:[{&quot;type&quot;:&quot;missing&quot;,&quot;loc&quot;:[&quot;body&quot;,&quot;region&quot;],&quot;msg&quot;:&quot;Field required&quot;,&quot;input&quot;:{&quot;company_name&quot;:&quot;TEST_iter40 KPI Co">/app/backend/tests/test_iter40_goals_kpi.py:180: Seeded sandbox endpoint not available: 422 {"detail":[{"type":"missing","loc":["body","region"],"msg":"Field required","input":{"company_name":"TEST_iter40 KPI Co</skipped></testcase></testsuite></testsuites>