<?xml version="1.0" encoding="utf-8"?><testsuites name="pytest tests"><testsuite name="pytest" errors="0" failures="0" skipped="0" tests="11" time="61.907" timestamp="2026-04-29T12:14:56.742032+00:00" hostname="agent-env-b743e357-5d4a-4174-b930-e8155d2812c7"><testcase classname="tests.test_iter63_solve_p1p2_followon.TestProStatus" name="test_pro_status_shape" time="0.414" /><testcase classname="tests.test_iter63_solve_p1p2_followon.TestProStatus" name="test_pro_status_bramuel_grant_already_claimed" time="0.046" /><testcase classname="tests.test_iter63_solve_p1p2_followon.TestPdfExport" name="test_pdf_404_on_unknown_session" time="0.049" /><testcase classname="tests.test_iter63_solve_p1p2_followon.TestPdfExport" name="test_pdf_409_on_incomplete_session" time="6.061" /><testcase classname="tests.test_iter63_solve_p1p2_followon.TestPdfExport" name="test_pdf_export_pre_existing_session" time="0.108" /><testcase classname="tests.test_iter63_solve_p1p2_followon.TestCycleHandoffPolish" name="test_cycle_handoff_questions_polished" time="54.656" /><testcase classname="tests.test_iter63_solve_p1p2_followon.TestCycleHandoffPolish" name="test_cycle_handoff_idempotent" time="0.058" /><testcase classname="tests.test_iter63_solve_p1p2_followon.TestFreeGrantRaceSafety" name="test_atomic_find_one_and_update_converges" time="0.258" /><testcase classname="tests.test_iter63_solve_p1p2_followon.TestIter62Regression" name="test_clusters_endpoint_still_12" time="0.051" /><testcase classname="tests.test_iter63_solve_p1p2_followon.TestIter62Regression" name="test_sessions_list_endpoint" time="0.046" /><testcase classname="tests.test_iter63_solve_p1p2_followon.TestIter62Regression" name="test_pre_existing_session_handoffs_list" time="0.096" /></testsuite></testsuites>