<?xml version="1.0" encoding="utf-8"?><testsuites name="pytest tests"><testsuite name="pytest" errors="0" failures="0" skipped="0" tests="18" time="2.242" timestamp="2026-04-25T08:40:24.618883+00:00" hostname="agent-env-b743e357-5d4a-4174-b930-e8155d2812c7"><testcase classname="backend.tests.test_iter22_billing_schedule.TestBillingPlans" name="test_plans_public" time="0.196" /><testcase classname="backend.tests.test_iter22_billing_schedule.TestBillingMe" name="test_billing_me_default_free" time="0.325" /><testcase classname="backend.tests.test_iter22_billing_schedule.TestBillingMe" name="test_auth_me_includes_plan" time="0.046" /><testcase classname="backend.tests.test_iter22_billing_schedule.TestBillingCheckout" name="test_checkout_pro_returns_stripe_url" time="0.439" /><testcase classname="backend.tests.test_iter22_billing_schedule.TestBillingCheckout" name="test_checkout_free_rejected" time="0.047" /><testcase classname="backend.tests.test_iter22_billing_schedule.TestBillingCheckout" name="test_checkout_invalid_plan_422" time="0.046" /><testcase classname="backend.tests.test_iter22_billing_schedule.TestBillingCheckout" name="test_status_for_pending_session" time="0.231" /><testcase classname="backend.tests.test_iter22_billing_schedule.TestBillingCheckout" name="test_status_unknown_session_404" time="0.047" /><testcase classname="backend.tests.test_iter22_billing_schedule.TestStripeWebhookBadSig" name="test_webhook_bad_signature" time="0.048" /><testcase classname="backend.tests.test_iter22_billing_schedule.TestCycleSchedule" name="test_get_initial_or_existing" time="0.104" /><testcase classname="backend.tests.test_iter22_billing_schedule.TestCycleSchedule" name="test_put_weekly_mon" time="0.047" /><testcase classname="backend.tests.test_iter22_billing_schedule.TestCycleSchedule" name="test_get_after_put_persisted" time="0.047" /><testcase classname="backend.tests.test_iter22_billing_schedule.TestCycleSchedule" name="test_put_invalid_cadence_422" time="0.045" /><testcase classname="backend.tests.test_iter22_billing_schedule.TestCycleSchedule" name="test_put_invalid_weekday_422" time="0.045" /><testcase classname="backend.tests.test_iter22_billing_schedule.TestCycleSchedule" name="test_delete_clears" time="0.093" /><testcase classname="backend.tests.test_iter22_billing_schedule.TestCronRunSchedules" name="test_cron_no_secret_401" time="0.046" /><testcase classname="backend.tests.test_iter22_billing_schedule.TestCronRunSchedules" name="test_cron_with_secret_runs" time="0.273" /><testcase classname="backend.tests.test_iter22_billing_schedule.TestCronRunSchedules" name="test_cron_wrong_secret_401" time="0.044" /></testsuite></testsuites>