<?xml version="1.0" encoding="utf-8"?><testsuites name="pytest tests"><testsuite name="pytest" errors="0" failures="0" skipped="0" tests="15" time="9.800" timestamp="2026-04-29T21:18:13.057238+00:00" hostname="agent-env-b743e357-5d4a-4174-b930-e8155d2812c7"><testcase classname="tests.test_iter67_regression" name="test_solve_clusters_returns_12" time="0.545" /><testcase classname="tests.test_iter67_regression" name="test_studio_history_inlines_sensitivity_and_exposure" time="0.157" /><testcase classname="tests.test_iter67_regression" name="test_engagement_returns_plan_and_readers_locked" time="0.262" /><testcase classname="tests.test_iter67_regression" name="test_plays_listing_ok" time="0.134" /><testcase classname="tests.test_iter67_regression" name="test_briefs_listing_ok" time="0.128" /><testcase classname="tests.test_iter67_regression" name="test_rescore_use_llm_endpoint_ok" time="4.225" /><testcase classname="tests.test_iter66_studio_engagement.TestEngagementPlanGating" name="test_free_plan_locks_readers" time="1.063" /><testcase classname="tests.test_iter66_studio_engagement.TestEngagementPlanGating" name="test_pro_plan_unlocks_readers" time="0.579" /><testcase classname="tests.test_iter66_studio_engagement.TestRescoreLLMTiebreaker" name="test_rescore_no_query_uses_regex_only" time="0.072" /><testcase classname="tests.test_iter66_studio_engagement.TestRescoreLLMTiebreaker" name="test_rescore_use_llm_confident_band_skips_llm" time="0.002" /><testcase classname="tests.test_iter66_studio_engagement.TestRescoreLLMTiebreaker" name="test_rescore_use_llm_short_internal_text_skips_llm" time="0.000" /><testcase classname="tests.test_iter66_studio_engagement.TestRescoreLLMTiebreaker" name="test_rescore_no_downgrade" time="0.001" /><testcase classname="tests.test_iter66_studio_engagement.TestRescoreLLMTiebreaker" name="test_rescore_llm_bumps_higher" time="0.001" /><testcase classname="tests.test_iter66_studio_engagement.TestRescoreLLMTiebreaker" name="test_rescore_endpoint_use_llm_query_accepted" time="2.469" /><testcase classname="tests.test_iter66_studio_engagement.TestActivePlays" name="test_plays_listing_includes_active" time="0.078" /></testsuite></testsuites>