<?xml version="1.0" encoding="utf-8"?><testsuites name="pytest tests"><testsuite name="pytest" errors="0" failures="0" skipped="1" tests="8" time="4.081" timestamp="2026-04-25T07:36:26.787732+00:00" hostname="agent-env-b743e357-5d4a-4174-b930-e8155d2812c7"><testcase classname="backend.tests.test_iter19_polish_committee_medium.TestPolishEndpoint" name="test_polish_returns_polished_body_or_404" time="2.911" /><testcase classname="backend.tests.test_iter19_polish_committee_medium.TestCommitteeScope" name="test_committees_endpoint" time="0.111" /><testcase classname="backend.tests.test_iter19_polish_committee_medium.TestCommitteeScope" name="test_generate_accepts_committee_id_null" time="0.105" /><testcase classname="backend.tests.test_iter19_polish_committee_medium.TestCommitteeScope" name="test_generate_accepts_committee_id_when_present" time="0.000"><skipped type="pytest.skip" message="No committees seeded for Tuli — cannot test scoped generate">/app/backend/tests/test_iter19_polish_committee_medium.py:109: No committees seeded for Tuli — cannot test scoped generate</skipped></testcase><testcase classname="backend.tests.test_iter19_polish_committee_medium.TestBlogAdminPostFetch" name="test_admin_can_fetch_full_post" time="0.556" /><testcase classname="backend.tests.test_iter19_polish_committee_medium.TestBlogAdminPostFetch" name="test_unauth_admin_endpoint_blocked" time="0.112" /><testcase classname="backend.tests.test_iter19_polish_committee_medium.TestBlogAdminPostFetch" name="test_non_superadmin_blocked" time="0.106" /><testcase classname="backend.tests.test_iter19_polish_committee_medium.TestBlogAdminPostFetch" name="test_admin_404_on_unknown_slug" time="0.110" /></testsuite></testsuites>