<?xml version="1.0" encoding="utf-8"?><testsuites name="pytest tests"><testsuite name="pytest" errors="0" failures="0" skipped="0" tests="5" time="45.467" timestamp="2026-04-27T20:04:11.436219+00:00" hostname="agent-env-b743e357-5d4a-4174-b930-e8155d2812c7"><testcase classname="tests.test_iter43_quick_results.TestSandboxStages" name="test_sandbox_generate_returns_stages_with_april2026_sublines" time="0.258" /><testcase classname="tests.test_iter43_quick_results.TestDocumentSummary" name="test_summary_returns_flat_shape" time="0.574" /><testcase classname="tests.test_iter43_quick_results.TestDocumentSummary" name="test_document_get" time="0.234" /><testcase classname="tests.test_iter43_quick_results.TestSignals" name="test_signals_list" time="0.282" /><testcase classname="tests.test_iter43_quick_results.TestBriefings" name="test_post_briefings_reachable" time="44.044" /></testsuite></testsuites>