<?xml version="1.0" encoding="utf-8"?><testsuites name="pytest tests"><testsuite name="pytest" errors="0" failures="0" skipped="0" tests="13" time="13.929" timestamp="2026-04-27T05:21:04.597671+00:00" hostname="agent-env-b743e357-5d4a-4174-b930-e8155d2812c7"><testcase classname="backend.tests.test_iter35_chat" name="test_models_listing" time="0.555" /><testcase classname="backend.tests.test_iter35_chat" name="test_create_chat_and_audit_row" time="0.253" /><testcase classname="backend.tests.test_iter35_chat" name="test_invalid_model_id_on_create" time="0.115" /><testcase classname="backend.tests.test_iter35_chat" name="test_list_orders_empty_chats_at_top" time="0.802" /><testcase classname="backend.tests.test_iter35_chat" name="test_neutral_message_no_shielding" time="2.958" /><testcase classname="backend.tests.test_iter35_chat" name="test_sensitive_message_auto_shielded" time="1.954" /><testcase classname="backend.tests.test_iter35_chat" name="test_policy_off_blocks_then_acknowledges" time="2.790" /><testcase classname="backend.tests.test_iter35_chat" name="test_audit_chain_recomputes" time="0.349" /><testcase classname="backend.tests.test_iter35_chat" name="test_patch_chat_empty_body" time="0.214" /><testcase classname="backend.tests.test_iter35_chat" name="test_patch_invalid_model" time="0.207" /><testcase classname="backend.tests.test_iter35_chat" name="test_archive_removes_from_list" time="0.450" /><testcase classname="backend.tests.test_iter35_chat" name="test_cross_account_isolation" time="0.864" /><testcase classname="backend.tests.test_iter35_chat" name="test_multi_turn_context_resolves_shielded_name" time="2.303" /></testsuite></testsuites>