<?xml version="1.0" encoding="utf-8"?><testsuites name="pytest tests"><testsuite name="pytest" errors="0" failures="0" skipped="0" tests="9" time="5.907" timestamp="2026-04-29T21:05:54.178160+00:00" hostname="agent-env-b743e357-5d4a-4174-b930-e8155d2812c7"><testcase classname="tests.test_iter66_studio_engagement.TestEngagementPlanGating" name="test_free_plan_locks_readers" time="1.294" /><testcase classname="tests.test_iter66_studio_engagement.TestEngagementPlanGating" name="test_pro_plan_unlocks_readers" time="0.589" /><testcase classname="tests.test_iter66_studio_engagement.TestRescoreLLMTiebreaker" name="test_rescore_no_query_uses_regex_only" time="0.078" /><testcase classname="tests.test_iter66_studio_engagement.TestRescoreLLMTiebreaker" name="test_rescore_use_llm_confident_band_skips_llm" time="0.003" /><testcase classname="tests.test_iter66_studio_engagement.TestRescoreLLMTiebreaker" name="test_rescore_use_llm_short_internal_text_skips_llm" time="0.001" /><testcase classname="tests.test_iter66_studio_engagement.TestRescoreLLMTiebreaker" name="test_rescore_no_downgrade" time="0.001" /><testcase classname="tests.test_iter66_studio_engagement.TestRescoreLLMTiebreaker" name="test_rescore_llm_bumps_higher" time="0.001" /><testcase classname="tests.test_iter66_studio_engagement.TestRescoreLLMTiebreaker" name="test_rescore_endpoint_use_llm_query_accepted" time="3.762" /><testcase classname="tests.test_iter66_studio_engagement.TestActivePlays" name="test_plays_listing_includes_active" time="0.086" /></testsuite></testsuites>