<?xml version="1.0" encoding="utf-8"?><testsuites name="pytest tests"><testsuite name="pytest" errors="0" failures="0" skipped="0" tests="15" time="7.840" timestamp="2026-04-30T04:43:38.624012+00:00" hostname="agent-env-b743e357-5d4a-4174-b930-e8155d2812c7"><testcase classname="tests.test_iter70_inbound_edge" name="test_unknown_empty_body_no_attachment_quarantines" time="0.982" /><testcase classname="tests.test_iter70_inbound_edge" name="test_unknown_attachment_only_accept" time="0.369" /><testcase classname="tests.test_iter70_inbound_edge" name="test_multi_attachment_summary_in_detail" time="0.237" /><testcase classname="tests.test_iter70_inbound_edge" name="test_list_endpoint_returns_pending_and_rejected" time="0.603" /><testcase classname="tests.test_iter70_inbound_edge" name="test_counts_endpoint_shape" time="0.233" /><testcase classname="tests.test_iter70_inbound_edge" name="test_accept_idempotency_returns_409" time="0.324" /><testcase classname="tests.test_iter70_inbound_edge" name="test_accept_unknown_returns_404" time="0.104" /><testcase classname="tests.test_iter70_inbound_edge" name="test_reject_unknown_returns_404" time="0.100" /><testcase classname="tests.test_iter70_inbound_edge" name="test_detail_unknown_returns_404" time="0.114" /><testcase classname="tests.test_iter70_inbound_triage" name="test_tier_a_owner_email_ingests_as_doc_with_owner_tier" time="0.646" /><testcase classname="tests.test_iter70_inbound_triage" name="test_tier_b_reportee_ingests_with_reportee_tier_and_provenance" time="0.790" /><testcase classname="tests.test_iter70_inbound_triage" name="test_tier_c_unknown_queues_for_review" time="0.814" /><testcase classname="tests.test_iter70_inbound_triage" name="test_accept_promotes_queue_item_to_document" time="0.881" /><testcase classname="tests.test_iter70_inbound_triage" name="test_reject_archives_and_no_reply_sent" time="0.900" /><testcase classname="tests.test_iter70_inbound_triage" name="test_duplicate_tier_c_does_not_double_queue" time="0.649" /></testsuite></testsuites>