<?xml version="1.0" encoding="utf-8"?><testsuites name="pytest tests"><testsuite name="pytest" errors="0" failures="0" skipped="0" tests="10" time="1.952" timestamp="2026-04-28T13:29:26.823967+00:00" hostname="agent-env-b743e357-5d4a-4174-b930-e8155d2812c7"><testcase classname="tests.test_iter54_llm_spend_quota_inbound.TestLLMSpendEndpoint" name="test_non_superadmin_forbidden" time="0.491" /><testcase classname="tests.test_iter54_llm_spend_quota_inbound.TestLLMSpendEndpoint" name="test_unauthenticated_unauthorised" time="0.141" /><testcase classname="tests.test_iter54_llm_spend_quota_inbound.TestLLMSpendEndpoint" name="test_superadmin_window[1]" time="0.516" /><testcase classname="tests.test_iter54_llm_spend_quota_inbound.TestLLMSpendEndpoint" name="test_superadmin_window[7]" time="0.069" /><testcase classname="tests.test_iter54_llm_spend_quota_inbound.TestLLMSpendEndpoint" name="test_superadmin_window[30]" time="0.062" /><testcase classname="tests.test_iter54_llm_spend_quota_inbound.TestLLMSpendEndpoint" name="test_superadmin_window[90]" time="0.060" /><testcase classname="tests.test_iter54_llm_spend_quota_inbound.TestLLMSpendEndpoint" name="test_seeded_data_visible_30d" time="0.063" /><testcase classname="tests.test_iter54_llm_spend_quota_inbound.TestRaceSafeDeepQuota" name="test_unique_index_exists" time="0.007" /><testcase classname="tests.test_iter54_llm_spend_quota_inbound.TestRaceSafeDeepQuota" name="test_at_cap_and_under_cap_combined" time="0.209" /><testcase classname="tests.test_iter54_llm_spend_quota_inbound.TestInboundVirusRejected" name="test_eicar_attachment_rejected_and_audited" time="0.163" /></testsuite></testsuites>