<?xml version="1.0" encoding="utf-8"?><testsuites name="pytest tests"><testsuite name="pytest" errors="0" failures="0" skipped="0" tests="11" time="206.347" timestamp="2026-04-29T08:56:47.758396+00:00" hostname="agent-env-b743e357-5d4a-4174-b930-e8155d2812c7"><testcase classname="backend.tests.test_iter62_solve_wave2_wave3.TestClusters" name="test_12_clusters" time="0.437" /><testcase classname="backend.tests.test_iter62_solve_wave2_wave3.TestSessionWalkthroughAndComparables" name="test_session_completes_to_lockin" time="51.540" /><testcase classname="backend.tests.test_iter62_solve_wave2_wave3.TestSessionWalkthroughAndComparables" name="test_synthesis_has_comparables_v2" time="0.000" /><testcase classname="backend.tests.test_iter62_solve_wave2_wave3.TestHandoffs" name="test_handoff_brief_creates_and_idempotent" time="43.019" /><testcase classname="backend.tests.test_iter62_solve_wave2_wave3.TestHandoffs" name="test_handoff_decks_creates_and_idempotent" time="0.109" /><testcase classname="backend.tests.test_iter62_solve_wave2_wave3.TestHandoffs" name="test_handoff_cycle_creates_questions_and_idempotent" time="0.118" /><testcase classname="backend.tests.test_iter62_solve_wave2_wave3.TestHandoffs" name="test_list_session_handoffs" time="0.053" /><testcase classname="backend.tests.test_iter62_solve_wave2_wave3.TestHandoffRejections" name="test_handoff_on_incomplete_session_409" time="4.177" /><testcase classname="backend.tests.test_iter62_solve_wave2_wave3.TestHandoffRejections" name="test_handoff_non_member_context_403" time="42.558" /><testcase classname="backend.tests.test_iter62_solve_wave2_wave3.TestFreeMonthlyGrant" name="test_pro_tier_persisted_on_session" time="7.827" /><testcase classname="backend.tests.test_iter62_solve_wave2_wave3.TestFreeMonthlyGrant" name="test_first_synthesis_consumes_grant_second_falls_back" time="56.436" /></testsuite></testsuites>