<?xml version="1.0" encoding="utf-8"?><testsuites name="pytest tests"><testsuite name="pytest" errors="0" failures="0" skipped="0" tests="8" time="1.887" timestamp="2026-04-27T15:30:57.158435+00:00" hostname="agent-env-b743e357-5d4a-4174-b930-e8155d2812c7"><testcase classname="backend.tests.test_iter42_signal_kpi.TestActionHeatmap" name="test_heatmap_shape_for_superadmin" time="0.499" /><testcase classname="backend.tests.test_iter42_signal_kpi.TestActionHeatmap" name="test_heatmap_buckets_valid" time="0.056" /><testcase classname="backend.tests.test_iter42_signal_kpi.TestActionHeatmap" name="test_shared_does_not_appear_in_recommendations" time="0.608" /><testcase classname="backend.tests.test_iter42_signal_kpi.TestActionHeatmap" name="test_share_recipients_dedupes" time="0.259" /><testcase classname="backend.tests.test_iter42_signal_kpi.TestActionHeatmap" name="test_non_superadmin_forbidden" time="0.062" /><testcase classname="backend.tests.test_iter42_signal_kpi.TestActionHeatmap" name="test_unauthenticated_forbidden" time="0.114" /><testcase classname="backend.tests.test_iter42_signal_kpi.TestIter41Regression" name="test_recommendations_still_alive" time="0.106" /><testcase classname="backend.tests.test_iter42_signal_kpi.TestIter41Regression" name="test_actions_endpoint_still_alive" time="0.122" /></testsuite></testsuites>