<?xml version="1.0" encoding="utf-8"?><testsuites name="pytest tests"><testsuite name="pytest" errors="0" failures="0" skipped="0" tests="9" time="76.106" timestamp="2026-04-28T12:22:45.150731+00:00" hostname="agent-env-b743e357-5d4a-4174-b930-e8155d2812c7"><testcase classname="tests.test_iter53_deep_tier_minutes.TestLlmQuota" name="test_quota_all_surfaces" time="0.642" /><testcase classname="tests.test_iter53_deep_tier_minutes.TestLlmQuota" name="test_quota_single_surface" time="0.049" /><testcase classname="tests.test_iter53_deep_tier_minutes.TestDeepBrief" name="test_brief_non_deep_does_not_decrement" time="25.264" /><testcase classname="tests.test_iter53_deep_tier_minutes.TestDeepBrief" name="test_brief_deep_decrements_and_uses_opus" time="18.193" /><testcase classname="tests.test_iter53_deep_tier_minutes.TestDeepBrief" name="test_brief_deep_quota_exhausted_falls_back" time="17.365" /><testcase classname="tests.test_iter53_deep_tier_minutes.TestMinutesToCycle" name="test_seed_then_idempotent" time="0.194" /><testcase classname="tests.test_iter53_deep_tier_minutes.TestMinutesToCycle" name="test_400_when_no_actions" time="0.066" /><testcase classname="tests.test_iter53_deep_tier_minutes.TestMinutesNarrative" name="test_narrative_generates_persists" time="14.167" /><testcase classname="tests.test_iter53_deep_tier_minutes.TestMinutesNarrative" name="test_minutes_list_returns_narrative" time="0.071" /></testsuite></testsuites>