<?xml version="1.0" encoding="utf-8"?><testsuites name="pytest tests"><testsuite name="pytest" errors="0" failures="0" skipped="0" tests="13" time="1.704" timestamp="2026-04-27T04:07:56.539782+00:00" hostname="agent-env-b743e357-5d4a-4174-b930-e8155d2812c7"><testcase classname="backend.tests.test_iter34_share_evolution.TestDocSummaryShare" name="test_share_doc_summary_to_self_rejected" time="0.519" /><testcase classname="backend.tests.test_iter34_share_evolution.TestDocSummaryShare" name="test_share_doc_summary_no_summary_returns_404" time="0.148" /><testcase classname="backend.tests.test_iter34_share_evolution.TestDocSummaryShare" name="test_share_doc_summary_via_notification_creates_mention" time="0.048" /><testcase classname="backend.tests.test_iter34_share_evolution.TestDocSummaryShare" name="test_share_doc_summary_email_delivery" time="0.298" /><testcase classname="backend.tests.test_iter34_share_evolution.TestEvolutionLink" name="test_patch_self_link_rejected" time="0.049" /><testcase classname="backend.tests.test_iter34_share_evolution.TestEvolutionLink" name="test_patch_neither_field_rejected" time="0.049" /><testcase classname="backend.tests.test_iter34_share_evolution.TestEvolutionLink" name="test_patch_unknown_predecessor_404" time="0.049" /><testcase classname="backend.tests.test_iter34_share_evolution.TestEvolutionLink" name="test_patch_cycle_rejected" time="0.056" /><testcase classname="backend.tests.test_iter34_share_evolution.TestEvolutionLink" name="test_patch_link_persists" time="0.100" /><testcase classname="backend.tests.test_iter34_share_evolution.TestEvolutionDiff" name="test_diff_no_link_returns_null" time="0.148" /><testcase classname="backend.tests.test_iter34_share_evolution.TestEvolutionDiff" name="test_diff_returns_full_payload" time="0.049" /><testcase classname="backend.tests.test_iter34_share_evolution.TestEvolutionDiff" name="test_diff_cached_hit_is_fast" time="0.049" /><testcase classname="backend.tests.test_iter34_share_evolution.TestEvolutionDiff" name="test_diff_doc_not_found_404" time="0.053" /></testsuite></testsuites>