<?xml version="1.0" encoding="utf-8"?><testsuites name="pytest tests"><testsuite name="pytest" errors="0" failures="0" skipped="0" tests="8" time="28.059" timestamp="2026-04-24T08:09:57.472858+00:00" hostname="agent-env-b743e357-5d4a-4174-b930-e8155d2812c7"><testcase classname="tests.test_iter11_speaking_notes.TestSpeakingNotesHappy" name="test_draft_notes_returns_items_narrated" time="6.712" /><testcase classname="tests.test_iter11_speaking_notes.TestSpeakingNotesHappy" name="test_idempotent_overwrite_refreshes_timestamp" time="10.856" /><testcase classname="tests.test_iter11_speaking_notes.TestSpeakingNotesErrors" name="test_404_unknown_briefing" time="0.055" /><testcase classname="tests.test_iter11_speaking_notes.TestSpeakingNotesErrors" name="test_401_no_auth" time="0.153" /><testcase classname="tests.test_iter11_speaking_notes.TestSpeakingNotesErrors" name="test_400_empty_items" time="0.123" /><testcase classname="tests.test_iter11_speaking_notes.TestBoardDeckEmbedsNotes" name="test_board_deck_contains_what_you_would_say" time="3.935" /><testcase classname="tests.test_iter11_speaking_notes.TestRegression" name="test_ask_still_returns_top_level_shielding" time="6.020" /><testcase classname="tests.test_iter11_speaking_notes.TestRegression" name="test_board_deck_export_without_notes_still_works" time="0.123" /></testsuite></testsuites>