<?xml version="1.0" encoding="utf-8"?><testsuites name="pytest tests"><testsuite name="pytest" errors="0" failures="0" skipped="0" tests="32" time="77.174" timestamp="2026-04-24T19:37:04.196513+00:00" hostname="agent-env-b743e357-5d4a-4174-b930-e8155d2812c7"><testcase classname="tests.test_sprint6.TestSynisenseStatus" name="test_status_shape" time="0.500" /><testcase classname="tests.test_sprint6.TestSynisenseDryRun" name="test_dryrun_masks_all_categories" time="0.065" /><testcase classname="tests.test_sprint6.TestUploadWithMeta" name="test_upload_with_new_fields_and_thread" time="0.484" /><testcase classname="tests.test_sprint6.TestLLMShieldingReport" name="test_ask_returns_by_category" time="3.982" /><testcase classname="tests.test_iter11_speaking_notes.TestSpeakingNotesHappy" name="test_draft_notes_returns_items_narrated" time="4.021" /><testcase classname="tests.test_iter11_speaking_notes.TestSpeakingNotesHappy" name="test_idempotent_overwrite_refreshes_timestamp" time="22.169" /><testcase classname="tests.test_iter11_speaking_notes.TestSpeakingNotesErrors" name="test_404_unknown_briefing" time="0.055" /><testcase classname="tests.test_iter11_speaking_notes.TestSpeakingNotesErrors" name="test_401_no_auth" time="0.178" /><testcase classname="tests.test_iter11_speaking_notes.TestSpeakingNotesErrors" name="test_400_empty_items" time="0.166" /><testcase classname="tests.test_iter11_speaking_notes.TestBoardDeckEmbedsNotes" name="test_board_deck_contains_what_you_would_say" time="3.458" /><testcase classname="tests.test_iter11_speaking_notes.TestRegression" name="test_ask_still_returns_top_level_shielding" time="5.361" /><testcase classname="tests.test_iter11_speaking_notes.TestRegression" name="test_board_deck_export_without_notes_still_works" time="0.132" /><testcase classname="tests.test_iter12_shares_home.TestAggregatedHomeStream" name="test_home_stream_shape_and_context_name" time="0.481" /><testcase classname="tests.test_iter12_shares_home.TestAggregatedHomeStream" name="test_home_stream_requires_auth" time="0.108" /><testcase classname="tests.test_iter12_shares_home.TestSharesLifecycle" name="test_share_against_self_400" time="0.145" /><testcase classname="tests.test_iter12_shares_home.TestSharesLifecycle" name="test_share_non_existent_signal_404" time="0.049" /><testcase classname="tests.test_iter12_shares_home.TestSharesLifecycle" name="test_create_share_happy" time="0.488" /><testcase classname="tests.test_iter12_shares_home.TestSharesLifecycle" name="test_inbox_contains_new_share" time="0.380" /><testcase classname="tests.test_iter12_shares_home.TestSharesLifecycle" name="test_outbox_contains_new_share" time="0.054" /><testcase classname="tests.test_iter12_shares_home.TestSharesLifecycle" name="test_get_share_auth_enforced" time="0.108" /><testcase classname="tests.test_iter12_shares_home.TestSharesLifecycle" name="test_get_share_stamps_opened_at_for_recipient" time="0.088" /><testcase classname="tests.test_iter12_shares_home.TestSharesLifecycle" name="test_comment_on_share_via_comments_router" time="0.000" /><testcase classname="tests.test_iter12_shares_home.TestSharesLifecycle" name="test_comment_on_share_by_sharer" time="0.083" /><testcase classname="tests.test_iter12_shares_home.TestSharesLifecycle" name="test_revoke_only_by_sharer" time="0.073" /><testcase classname="tests.test_iter12_shares_home.TestSharesLifecycle" name="test_revoke_by_sharer_and_post_revoke_view" time="0.167" /><testcase classname="tests.test_iter12_shares_home.TestRegression" name="test_sprint6_shielding_payload_still_present" time="6.673" /><testcase classname="tests.test_iter15_board_pack.TestSandboxPackDropE2E" name="test_upload_pdf_to_sandbox_and_extract" time="2.653" /><testcase classname="tests.test_iter15_board_pack.TestSandboxPackDropE2E" name="test_uploaded_doc_listed" time="0.167" /><testcase classname="tests.test_iter15_board_pack.TestSandboxPackDropE2E" name="test_generate_signals_after_upload" time="24.371" /><testcase classname="tests.test_iter15_board_pack.TestCleanup" name="test_cleanup_expired_sandbox" time="0.166" /><testcase classname="tests.test_sandbox_phase1.TestCleanupSweep" name="test_cleanup_requires_secret" time="0.162" /><testcase classname="tests.test_sandbox_phase1.TestCleanupSweep" name="test_cleanup_endpoint_runs" time="0.063" /></testsuite></testsuites>