<?xml version="1.0" encoding="utf-8"?><testsuites name="pytest tests"><testsuite name="pytest" errors="0" failures="1" skipped="0" tests="13" time="5.212" timestamp="2026-04-24T12:20:03.990712+00:00" hostname="agent-env-b743e357-5d4a-4174-b930-e8155d2812c7"><testcase classname="tests.test_sandbox_phase2.TestSandboxConvert" name="test_convert_flips_context_type_and_strips_sandbox" time="1.181" /><testcase classname="tests.test_sandbox_phase1.TestSandboxGenerate" name="test_generate_returns_session_and_10_stages" time="0.108" /><testcase classname="tests.test_sandbox_phase1.TestSandboxGenerate" name="test_generate_missing_fields_returns_422" time="0.224" /><testcase classname="tests.test_sandbox_phase1.TestSandboxGenerate" name="test_generate_invalid_sector_returns_422" time="0.048" /><testcase classname="tests.test_sandbox_phase1.TestSandboxStatus" name="test_status_unknown_session_returns_404" time="0.047" /><testcase classname="tests.test_sandbox_phase1.TestSandboxStatus" name="test_status_flips_to_ready_within_a_few_seconds" time="0.619" /><testcase classname="tests.test_sandbox_phase1.TestBankingSeed" name="test_auto_login_works_with_bearer" time="0.788" /><testcase classname="tests.test_sandbox_phase1.TestBankingSeed" name="test_expiry_window_is_14_21_22_days" time="0.103" /><testcase classname="tests.test_sandbox_phase1.TestBankingSeed" name="test_seed_artefacts_exist_and_substituted" time="0.431" /><testcase classname="tests.test_sandbox_phase1.TestGenericFallback" name="test_other_sector_uses_generic_template" time="1.060" /><testcase classname="tests.test_sandbox_phase1.TestTemplatesMeta" name="test_list_templates" time="0.050"><failure message="AssertionError: assert 'saas_growth' == 'generic_diversified'&#10;  &#10;  - generic_diversified&#10;  + saas_growth">tests/test_sandbox_phase1.py:233: in test_list_templates
    assert by_sector["saas"]["template_id"] == "generic_diversified"
E   AssertionError: assert 'saas_growth' == 'generic_diversified'
E     
E     - generic_diversified
E     + saas_growth</failure></testcase><testcase classname="tests.test_sandbox_phase1.TestCookieAuthRegression" name="test_bramuel_cookie_login_still_works_and_has_no_sandbox_flag" time="0.395" /><testcase classname="tests.test_sandbox_phase1.TestCleanupSweep" name="test_cleanup_endpoint_runs" time="0.046" /></testsuite></testsuites>