<?xml version="1.0" encoding="utf-8"?><testsuites name="pytest tests"><testsuite name="pytest" errors="0" failures="0" skipped="0" tests="14" time="11.302" timestamp="2026-04-24T09:24:21.838149+00:00" hostname="agent-env-b743e357-5d4a-4174-b930-e8155d2812c7"><testcase classname="tests.test_iter12_shares_home.TestAggregatedHomeStream" name="test_home_stream_shape_and_context_name" time="0.575" /><testcase classname="tests.test_iter12_shares_home.TestAggregatedHomeStream" name="test_home_stream_requires_auth" time="0.104" /><testcase classname="tests.test_iter12_shares_home.TestSharesLifecycle" name="test_share_against_self_400" time="0.108" /><testcase classname="tests.test_iter12_shares_home.TestSharesLifecycle" name="test_share_non_existent_signal_404" time="0.050" /><testcase classname="tests.test_iter12_shares_home.TestSharesLifecycle" name="test_create_share_happy" time="0.431" /><testcase classname="tests.test_iter12_shares_home.TestSharesLifecycle" name="test_inbox_contains_new_share" time="0.351" /><testcase classname="tests.test_iter12_shares_home.TestSharesLifecycle" name="test_outbox_contains_new_share" time="0.053" /><testcase classname="tests.test_iter12_shares_home.TestSharesLifecycle" name="test_get_share_auth_enforced" time="0.109" /><testcase classname="tests.test_iter12_shares_home.TestSharesLifecycle" name="test_get_share_stamps_opened_at_for_recipient" time="0.048" /><testcase classname="tests.test_iter12_shares_home.TestSharesLifecycle" name="test_comment_on_share_via_comments_router" time="0.000" /><testcase classname="tests.test_iter12_shares_home.TestSharesLifecycle" name="test_comment_on_share_by_sharer" time="0.059" /><testcase classname="tests.test_iter12_shares_home.TestSharesLifecycle" name="test_revoke_only_by_sharer" time="0.047" /><testcase classname="tests.test_iter12_shares_home.TestSharesLifecycle" name="test_revoke_by_sharer_and_post_revoke_view" time="0.153" /><testcase classname="tests.test_iter12_shares_home.TestRegression" name="test_sprint6_shielding_payload_still_present" time="9.123" /></testsuite></testsuites>