<?xml version="1.0" encoding="utf-8"?><testsuites name="pytest tests"><testsuite name="pytest" errors="0" failures="0" skipped="1" tests="11" time="20.128" timestamp="2026-04-24T03:43:01.369282+00:00" hostname="agent-env-b743e357-5d4a-4174-b930-e8155d2812c7"><testcase classname="backend.tests.test_sprint5.TestAuditLog" name="test_audit_log_200" time="0.540" /><testcase classname="backend.tests.test_sprint5.TestAuditLog" name="test_audit_log_entry_shape" time="0.055" /><testcase classname="backend.tests.test_sprint5.TestAuditLog" name="test_audit_log_limit_cap" time="0.049" /><testcase classname="backend.tests.test_sprint5.TestExport" name="test_export_owner_200" time="0.082" /><testcase classname="backend.tests.test_sprint5.TestExport" name="test_export_payload_shape" time="0.079" /><testcase classname="backend.tests.test_sprint5.TestExport" name="test_export_non_owner_403" time="0.000"><skipped type="pytest.skip" message="No non-owned context available">/app/backend/tests/test_sprint5.py:124: No non-owned context available</skipped></testcase><testcase classname="backend.tests.test_sprint5.TestLensAll" name="test_lens_catalog" time="0.050" /><testcase classname="backend.tests.test_sprint5.TestLensAll" name="test_lens_run_single" time="19.061" /><testcase classname="backend.tests.test_sprint5.TestRegression" name="test_signals_list" time="0.052" /><testcase classname="backend.tests.test_sprint5.TestRegression" name="test_briefings_list" time="0.050" /><testcase classname="backend.tests.test_sprint5.TestRegression" name="test_auth_me" time="0.049" /></testsuite></testsuites>