<?xml version="1.0" encoding="utf-8"?><testsuites name="pytest tests"><testsuite name="pytest" errors="0" failures="0" skipped="0" tests="12" time="4.072" timestamp="2026-04-24T09:50:02.874189+00:00" hostname="agent-env-b743e357-5d4a-4174-b930-e8155d2812c7"><testcase classname="tests.test_sandbox_phase1.TestSandboxGenerate" name="test_generate_returns_session_and_10_stages" time="0.169" /><testcase classname="tests.test_sandbox_phase1.TestSandboxGenerate" name="test_generate_missing_fields_returns_422" time="0.230" /><testcase classname="tests.test_sandbox_phase1.TestSandboxGenerate" name="test_generate_invalid_sector_returns_422" time="0.047" /><testcase classname="tests.test_sandbox_phase1.TestSandboxStatus" name="test_status_unknown_session_returns_404" time="0.049" /><testcase classname="tests.test_sandbox_phase1.TestSandboxStatus" name="test_status_flips_to_ready_within_a_few_seconds" time="0.623" /><testcase classname="tests.test_sandbox_phase1.TestBankingSeed" name="test_auto_login_works_with_bearer" time="0.796" /><testcase classname="tests.test_sandbox_phase1.TestBankingSeed" name="test_expiry_window_is_14_21_22_days" time="0.103" /><testcase classname="tests.test_sandbox_phase1.TestBankingSeed" name="test_seed_artefacts_exist_and_substituted" time="0.434" /><testcase classname="tests.test_sandbox_phase1.TestGenericFallback" name="test_other_sector_uses_generic_template" time="1.041" /><testcase classname="tests.test_sandbox_phase1.TestTemplatesMeta" name="test_list_templates" time="0.047" /><testcase classname="tests.test_sandbox_phase1.TestCookieAuthRegression" name="test_bramuel_cookie_login_still_works_and_has_no_sandbox_flag" time="0.390" /><testcase classname="tests.test_sandbox_phase1.TestCleanupSweep" name="test_cleanup_endpoint_runs" time="0.047" /></testsuite></testsuites>