<?xml version="1.0" encoding="utf-8"?><testsuites name="pytest tests"><testsuite name="pytest" errors="0" failures="1" skipped="0" tests="55" time="26.182" timestamp="2026-04-22T16:09:08.020622+00:00" hostname="agent-env-b743e357-5d4a-4174-b930-e8155d2812c7"><testcase classname="backend.tests.test_akki_v3.TestHealth" name="test_root" time="0.233" /><testcase classname="backend.tests.test_akki_v3.TestHealth" name="test_health" time="0.132" /><testcase classname="backend.tests.test_akki_v3.TestAuth" name="test_admin_login" time="0.350" /><testcase classname="backend.tests.test_akki_v3.TestAuth" name="test_register_and_me" time="0.402" /><testcase classname="backend.tests.test_akki_v3.TestAuth" name="test_register_duplicate" time="0.119" /><testcase classname="backend.tests.test_akki_v3.TestAuth" name="test_login_invalid" time="0.339" /><testcase classname="backend.tests.test_akki_v3.TestAuth" name="test_lockout_after_5_failed" time="2.092"><failure message="AssertionError: Expected 429 after lockout, got 401: {&quot;detail&quot;:&quot;Invalid email or password&quot;}&#10;assert 401 == 429&#10; +  where 401 = &lt;Response [401]&gt;.status_code">backend/tests/test_akki_v3.py:136: in test_lockout_after_5_failed
    assert r2.status_code == 429, f"Expected 429 after lockout, got {r2.status_code}: {r2.text}"
E   AssertionError: Expected 429 after lockout, got 401: {"detail":"Invalid email or password"}
E   assert 401 == 429
E    +  where 401 = &lt;Response [401]&gt;.status_code</failure></testcase><testcase classname="backend.tests.test_akki_v3.TestAuth" name="test_declare_role" time="0.053" /><testcase classname="backend.tests.test_akki_v3.TestAuth" name="test_patch_account" time="0.057" /><testcase classname="backend.tests.test_akki_v3.TestAuth" name="test_refresh" time="0.386" /><testcase classname="backend.tests.test_akki_v3.TestMFA" name="test_mfa_flow" time="0.544" /><testcase classname="backend.tests.test_akki_v3.TestMFA" name="test_mfa_invalid_code" time="0.541" /><testcase classname="backend.tests.test_akki_v3.TestPresets" name="test_industries" time="0.076" /><testcase classname="backend.tests.test_akki_v3.TestPresets" name="test_jurisdictions" time="0.058" /><testcase classname="backend.tests.test_akki_v3.TestContexts" name="test_get_context" time="0.053" /><testcase classname="backend.tests.test_akki_v3.TestContexts" name="test_rename_context" time="0.057" /><testcase classname="backend.tests.test_akki_v3.TestContexts" name="test_members_list" time="0.064" /><testcase classname="backend.tests.test_akki_v3.TestContexts" name="test_default_context" time="0.076" /><testcase classname="backend.tests.test_akki_v3.TestContexts" name="test_outsider_cannot_get" time="0.060" /><testcase classname="backend.tests.test_akki_v3.TestContexts" name="test_outsider_cannot_members" time="0.069" /><testcase classname="backend.tests.test_akki_v3.TestContextObject" name="test_save_and_version_increment" time="0.177" /><testcase classname="backend.tests.test_akki_v3.TestContextObject" name="test_get_latest" time="0.055" /><testcase classname="backend.tests.test_akki_v3.TestContextObject" name="test_outsider_403" time="0.064" /><testcase classname="backend.tests.test_akki_v3.TestDocuments" name="test_upload_txt" time="0.057" /><testcase classname="backend.tests.test_akki_v3.TestDocuments" name="test_upload_docx" time="0.129" /><testcase classname="backend.tests.test_akki_v3.TestDocuments" name="test_upload_unsupported_415" time="0.058" /><testcase classname="backend.tests.test_akki_v3.TestDocuments" name="test_upload_oversized_413" time="1.016" /><testcase classname="backend.tests.test_akki_v3.TestDocuments" name="test_list_documents" time="0.052" /><testcase classname="backend.tests.test_akki_v3.TestDocuments" name="test_get_document_extracted_text" time="0.053" /><testcase classname="backend.tests.test_akki_v3.TestDocuments" name="test_patch_data_trust" time="0.053" /><testcase classname="backend.tests.test_akki_v3.TestDocuments" name="test_download" time="0.051" /><testcase classname="backend.tests.test_akki_v3.TestDocuments" name="test_outsider_cannot_upload" time="0.060" /><testcase classname="backend.tests.test_akki_v3.TestSignals" name="test_generate_signals" time="12.638" /><testcase classname="backend.tests.test_akki_v3.TestSignals" name="test_list_signals" time="0.063" /><testcase classname="backend.tests.test_akki_v3.TestSignals" name="test_dismiss_signal" time="0.055" /><testcase classname="backend.tests.test_akki_v3.TestSignalsNoDocs" name="test_generate_with_no_docs_returns_400" time="0.062" /><testcase classname="backend.tests.test_akki_v3.TestAsk" name="test_ask_with_docs" time="4.236" /><testcase classname="backend.tests.test_akki_v3.TestAsk" name="test_ask_history" time="0.050" /><testcase classname="backend.tests.test_akki_v3.TestInvitations" name="test_create_invitation" time="0.052" /><testcase classname="backend.tests.test_akki_v3.TestInvitations" name="test_preview_by_token" time="0.146" /><testcase classname="backend.tests.test_akki_v3.TestInvitations" name="test_wrong_email_accept_blocked" time="0.076" /><testcase classname="backend.tests.test_akki_v3.TestInvitations" name="test_correct_email_accept" time="0.072" /><testcase classname="backend.tests.test_akki_v3.TestInvitations" name="test_outsider_cannot_invite" time="0.066" /><testcase classname="backend.tests.test_akki_v3.TestInvitations" name="test_list_invitations" time="0.055" /><testcase classname="backend.tests.test_akki_v3.TestMemberRestrictions" name="test_member_cannot_rename" time="0.065" /><testcase classname="backend.tests.test_akki_v3.TestMemberRestrictions" name="test_member_cannot_delete" time="0.061" /><testcase classname="backend.tests.test_akki_v3.TestMemberRestrictions" name="test_member_cannot_invite" time="0.076" /><testcase classname="backend.tests.test_akki_v3.TestMemberRestrictions" name="test_member_cannot_export" time="0.070" /><testcase classname="backend.tests.test_akki_v3.TestMemberRestrictions" name="test_member_cannot_save_context_object" time="0.062" /><testcase classname="backend.tests.test_akki_v3.TestAuditExport" name="test_audit_log" time="0.057" /><testcase classname="backend.tests.test_akki_v3.TestAuditExport" name="test_export" time="0.114" /><testcase classname="backend.tests.test_akki_v3.TestAuditExport" name="test_telemetry_member" time="0.056" /><testcase classname="backend.tests.test_akki_v3.TestAuditExport" name="test_telemetry_outsider_403" time="0.060" /><testcase classname="backend.tests.test_akki_v3.TestDocumentArchive" name="test_archive" time="0.166" /><testcase classname="backend.tests.test_akki_v3.TestDocumentArchive" name="test_logout" time="0.052" /></testsuite></testsuites>