<?xml version="1.0" encoding="utf-8"?><testsuites name="pytest tests"><testsuite name="pytest" errors="0" failures="0" skipped="0" tests="16" time="63.212" timestamp="2026-04-25T04:09:42.730905+00:00" hostname="agent-env-b743e357-5d4a-4174-b930-e8155d2812c7"><testcase classname="backend.tests.test_iter18_cycle_blog" name="test_questions_list_existing" time="0.844" /><testcase classname="backend.tests.test_iter18_cycle_blog" name="test_questions_add_and_retire" time="0.097" /><testcase classname="backend.tests.test_iter18_cycle_blog" name="test_questions_seed_from_briefings_idempotent" time="0.099" /><testcase classname="backend.tests.test_iter18_cycle_blog" name="test_reportees_list_existing" time="0.048" /><testcase classname="backend.tests.test_iter18_cycle_blog" name="test_reportee_add_and_remove" time="0.191" /><testcase classname="backend.tests.test_iter18_cycle_blog" name="test_checklist_generate_anti_spam_and_dispatch" time="0.817" /><testcase classname="backend.tests.test_iter18_cycle_blog" name="test_checklist_anti_spam_skip_on_second_generate" time="0.101" /><testcase classname="backend.tests.test_iter18_cycle_blog" name="test_public_respond_get_and_submit" time="0.165" /><testcase classname="backend.tests.test_iter18_cycle_blog" name="test_submissions_inbox" time="0.049" /><testcase classname="backend.tests.test_iter18_cycle_blog" name="test_cron_secret_required" time="0.115" /><testcase classname="backend.tests.test_iter18_cycle_blog" name="test_blog_posts_public_list" time="0.114" /><testcase classname="backend.tests.test_iter18_cycle_blog" name="test_blog_post_full_body_read" time="0.124" /><testcase classname="backend.tests.test_iter18_cycle_blog" name="test_blog_subscribe_idempotent" time="0.250" /><testcase classname="backend.tests.test_iter18_cycle_blog" name="test_blog_compose_forbidden_for_non_superadmin" time="0.052" /><testcase classname="backend.tests.test_iter18_cycle_blog" name="test_blog_compose_admin_smoke_optional" time="60.050" /><testcase classname="backend.tests.test_iter18_cycle_blog" name="test_blog_publish_admin" time="0.000" /></testsuite></testsuites>