<?xml version="1.0" encoding="utf-8"?><testsuites name="pytest tests"><testsuite name="pytest" errors="0" failures="0" skipped="0" tests="3" time="1.195" timestamp="2026-04-23T21:47:38.638929+00:00" hostname="agent-env-b743e357-5d4a-4174-b930-e8155d2812c7"><testcase classname="backend.tests.test_sprint1" name="test_auth_me_returns_account_and_contexts" time="0.423" /><testcase classname="backend.tests.test_sprint1" name="test_signals_briefings_documents_200" time="0.222" /><testcase classname="backend.tests.test_sprint1" name="test_all_contexts_addressable" time="0.386" /></testsuite></testsuites>