<?xml version="1.0" encoding="utf-8"?><testsuites name="pytest tests"><testsuite name="pytest" errors="0" failures="0" skipped="0" tests="5" time="6.543" timestamp="2026-04-24T07:52:43.455464+00:00" hostname="agent-env-b743e357-5d4a-4174-b930-e8155d2812c7"><testcase classname="tests.test_iter10_board_deck.TestBriefingExports" name="test_board_deck_pdf" time="0.508" /><testcase classname="tests.test_iter10_board_deck.TestBriefingExports" name="test_backwards_compat_pdf" time="0.064" /><testcase classname="tests.test_iter10_board_deck.TestBriefingExports" name="test_backwards_compat_docx" time="0.089" /><testcase classname="tests.test_iter10_board_deck.TestBriefingExports" name="test_invalid_fmt_returns_400" time="0.053" /><testcase classname="tests.test_iter10_board_deck.TestShieldingRegression" name="test_ask_returns_shielding_dict" time="5.763" /></testsuite></testsuites>