<?xml version="1.0" encoding="utf-8"?><testsuites name="pytest tests"><testsuite name="pytest" errors="0" failures="0" skipped="1" tests="7" time="19.882" timestamp="2026-04-24T02:54:08.788188+00:00" hostname="agent-env-b743e357-5d4a-4174-b930-e8155d2812c7"><testcase classname="tests.test_iter6" name="test_landing_root_reachable" time="0.253" /><testcase classname="tests.test_iter6" name="test_ask_returns_bm25_retrieval_mode" time="16.433" /><testcase classname="tests.test_iter6" name="test_ask_gibberish_falls_back" time="2.891" /><testcase classname="tests.test_iter6" name="test_ask_persisted_in_history" time="0.061" /><testcase classname="tests.test_iter6" name="test_signals_list" time="0.063" /><testcase classname="tests.test_iter6" name="test_pipeline_events_for_signal_with_run_id" time="0.068"><skipped type="pytest.skip" message="No signals with pipeline_run_id — run /pipeline/run first">/app/backend/tests/test_iter6.py:99: No signals with pipeline_run_id — run /pipeline/run first</skipped></testcase><testcase classname="tests.test_iter6" name="test_contexts_endpoint" time="0.000" /></testsuite></testsuites>