<?xml version="1.0" encoding="utf-8"?><testsuites name="pytest tests"><testsuite name="pytest" errors="0" failures="0" skipped="0" tests="4" time="4.904" timestamp="2026-04-24T07:18:30.992544+00:00" hostname="agent-env-b743e357-5d4a-4174-b930-e8155d2812c7"><testcase classname="tests.test_sprint6.TestSynisenseStatus" name="test_status_shape" time="0.388" /><testcase classname="tests.test_sprint6.TestSynisenseDryRun" name="test_dryrun_masks_all_categories" time="0.050" /><testcase classname="tests.test_sprint6.TestUploadWithMeta" name="test_upload_with_new_fields_and_thread" time="0.372" /><testcase classname="tests.test_sprint6.TestLLMShieldingReport" name="test_ask_returns_by_category" time="4.027" /></testsuite></testsuites>