<?xml version="1.0" encoding="utf-8"?><testsuites name="pytest tests"><testsuite name="pytest" errors="0" failures="0" skipped="0" tests="4" time="31.891" timestamp="2026-04-24T17:37:15.642658+00:00" hostname="agent-env-b743e357-5d4a-4174-b930-e8155d2812c7"><testcase classname="tests.test_iter15_board_pack.TestSandboxPackDropE2E" name="test_upload_pdf_to_sandbox_and_extract" time="2.896" /><testcase classname="tests.test_iter15_board_pack.TestSandboxPackDropE2E" name="test_uploaded_doc_listed" time="0.117" /><testcase classname="tests.test_iter15_board_pack.TestSandboxPackDropE2E" name="test_generate_signals_after_upload" time="28.638" /><testcase classname="tests.test_iter15_board_pack.TestCleanup" name="test_cleanup_expired_sandbox" time="0.146" /></testsuite></testsuites>