<?xml version="1.0" encoding="utf-8"?><testsuites name="pytest tests"><testsuite name="pytest" errors="0" failures="1" skipped="0" tests="4" time="18.898" timestamp="2026-04-24T06:55:13.488113+00:00" hostname="agent-env-b743e357-5d4a-4174-b930-e8155d2812c7"><testcase classname="backend.tests.test_sprint6.TestSynisenseStatus" name="test_status_shape" time="0.437" /><testcase classname="backend.tests.test_sprint6.TestSynisenseDryRun" name="test_dryrun_masks_all_categories" time="0.049" /><testcase classname="backend.tests.test_sprint6.TestUploadWithMeta" name="test_upload_with_new_fields_and_thread" time="0.390" /><testcase classname="backend.tests.test_sprint6.TestLLMShieldingReport" name="test_ask_returns_by_category" time="17.922"><failure message="AssertionError: no shielding in /ask response: ['id', 'context_id', 'question', 'answer', 'sources', 'mode', 'retrieval_mode', 'shielding_masked', 'asked_by', 'asked_by_email', 'created_at']&#10;assert None is not None">backend/tests/test_sprint6.py:246: in test_ask_returns_by_category
    assert sh is not None, f"no shielding in /ask response: {list(d.keys())}"
E   AssertionError: no shielding in /ask response: ['id', 'context_id', 'question', 'answer', 'sources', 'mode', 'retrieval_mode', 'shielding_masked', 'asked_by', 'asked_by_email', 'created_at']
E   assert None is not None</failure></testcase></testsuite></testsuites>