<?xml version="1.0" encoding="utf-8"?><testsuites name="pytest tests"><testsuite name="pytest" errors="0" failures="0" skipped="0" tests="11" time="32.791" timestamp="2026-04-24T07:22:08.547708+00:00" hostname="agent-env-b743e357-5d4a-4174-b930-e8155d2812c7"><testcase classname="tests.test_iter9_refactor_smoke" name="test_root_api" time="0.202" /><testcase classname="tests.test_iter9_refactor_smoke" name="test_health" time="0.110" /><testcase classname="tests.test_iter9_refactor_smoke" name="test_register_new_account_then_me" time="0.405" /><testcase classname="tests.test_iter9_refactor_smoke" name="test_auth_me_existing" time="0.381" /><testcase classname="tests.test_iter9_refactor_smoke" name="test_get_context" time="0.045" /><testcase classname="tests.test_iter9_refactor_smoke" name="test_list_members" time="0.046" /><testcase classname="tests.test_iter9_refactor_smoke" name="test_list_invitations" time="0.045" /><testcase classname="tests.test_iter9_refactor_smoke" name="test_document_upload_list_download" time="0.155" /><testcase classname="tests.test_iter9_refactor_smoke" name="test_signals_generate_shielding" time="14.202" /><testcase classname="tests.test_iter9_refactor_smoke" name="test_ask_shielding" time="4.338" /><testcase classname="tests.test_iter9_refactor_smoke" name="test_briefing_shielding" time="12.785" /></testsuite></testsuites>