<?xml version="1.0" encoding="utf-8"?><testsuites name="pytest tests"><testsuite name="pytest" errors="0" failures="0" skipped="1" tests="19" time="45.519" timestamp="2026-04-23T22:23:00.951317+00:00" hostname="agent-env-b743e357-5d4a-4174-b930-e8155d2812c7"><testcase classname="backend.tests.test_sprint2.TestAuthRegression" name="test_login" time="0.567" /><testcase classname="backend.tests.test_sprint2.TestAuthRegression" name="test_me_contexts_have_committees_field" time="0.053" /><testcase classname="backend.tests.test_sprint2.TestAuthRegression" name="test_briefings_router_works" time="0.065" /><testcase classname="backend.tests.test_sprint2.TestAuthRegression" name="test_learn_router_works" time="0.067" /><testcase classname="backend.tests.test_sprint2.TestCommittees" name="test_list_committees" time="0.061" /><testcase classname="backend.tests.test_sprint2.TestCommittees" name="test_signals_filter_by_committee" time="0.119" /><testcase classname="backend.tests.test_sprint2.TestCommittees" name="test_briefings_filter_by_committee" time="0.144" /><testcase classname="backend.tests.test_sprint2.TestCommittees" name="test_committee_crud_lifecycle" time="0.291" /><testcase classname="backend.tests.test_sprint2.TestSimulate" name="test_create_simulation" time="42.505" /><testcase classname="backend.tests.test_sprint2.TestSimulate" name="test_list_simulations" time="0.071" /><testcase classname="backend.tests.test_sprint2.TestSimulate" name="test_get_simulation_detail" time="0.065" /><testcase classname="backend.tests.test_sprint2.TestSimulate" name="test_archive_simulation" time="0.110" /><testcase classname="backend.tests.test_sprint2.TestCommentsAndMentions" name="test_list_comments_on_briefing_empty_ok" time="0.058"><skipped type="pytest.skip" message="no briefings">/app/backend/tests/test_sprint2.py:262: no briefings</skipped></testcase><testcase classname="backend.tests.test_sprint2.TestCommentsAndMentions" name="test_post_comment_with_mention" time="0.813" /><testcase classname="backend.tests.test_sprint2.TestCommentsAndMentions" name="test_reply_to_comment" time="0.058" /><testcase classname="backend.tests.test_sprint2.TestCommentsAndMentions" name="test_reply_with_wrong_parent_rejected" time="0.124" /><testcase classname="backend.tests.test_sprint2.TestCommentsAndMentions" name="test_mentions_inbox_for_exec" time="0.154" /><testcase classname="backend.tests.test_sprint2.TestCommentsAndMentions" name="test_delete_comment_author" time="0.060" /><testcase classname="backend.tests.test_sprint2.TestCommentsAndMentions" name="test_delete_comment_non_author_forbidden" time="0.060" /></testsuite></testsuites>