<?xml version="1.0" encoding="utf-8"?><testsuites name="pytest tests"><testsuite name="pytest" errors="1" failures="0" skipped="0" tests="5" time="32.490" timestamp="2026-04-24T19:38:49.743074+00:00" hostname="agent-env-b743e357-5d4a-4174-b930-e8155d2812c7"><testcase classname="tests.test_iter16_learn_personalisation.TestLearnResearchPersonalisation" name="test_personalised_when_context_provided" time="0.419"><error message="failed on setup with &quot;AssertionError: Expected Tuli as first context, got: Mawingu Logistics&#10;assert 'Tuli' in (('Mawingu Logistics'))&#10; +  where 'Mawingu Logistics' = &lt;built-in method get of dict object at 0xff68da17a840&gt;('name')&#10; +    where &lt;built-in method get of dict object at 0xff68da17a840&gt; = {'committees': [{'id': 'risk-committee', 'name': 'Risk Committee', 'your_role': 'member'}, {'id': 'audit-committee', 'name': 'Audit Committee', 'your_role': 'member'}], 'created_at': '2026-04-23T05:40:55.765887+00:00', 'data_ownership': 'account', 'id': '06cc1fc6-4308-4d19-a679-6f8f6bd692dc', ...}.get&quot;">tests/test_iter16_learn_personalisation.py:36: in tuli_context_id
    assert "Tuli" in (first.get("name") or ""), f"Expected Tuli as first context, got: {first.get('name')}"
E   AssertionError: Expected Tuli as first context, got: Mawingu Logistics
E   assert 'Tuli' in (('Mawingu Logistics'))
E    +  where 'Mawingu Logistics' = &lt;built-in method get of dict object at 0xff68da17a840&gt;('name')
E    +    where &lt;built-in method get of dict object at 0xff68da17a840&gt; = {'committees': [{'id': 'risk-committee', 'name': 'Risk Committee', 'your_role': 'member'}, {'id': 'audit-committee', 'name': 'Audit Committee', 'your_role': 'member'}], 'created_at': '2026-04-23T05:40:55.765887+00:00', 'data_ownership': 'account', 'id': '06cc1fc6-4308-4d19-a679-6f8f6bd692dc', ...}.get</error></testcase><testcase classname="tests.test_iter16_learn_personalisation.TestLearnResearchPersonalisation" name="test_not_personalised_without_context" time="31.522" /><testcase classname="tests.test_iter16_learn_personalisation.TestSandboxCleanupSecretGate" name="test_cleanup_missing_secret_returns_401" time="0.172" /><testcase classname="tests.test_iter16_learn_personalisation.TestSandboxCleanupSecretGate" name="test_cleanup_wrong_secret_returns_401" time="0.123" /><testcase classname="tests.test_iter16_learn_personalisation.TestSandboxCleanupSecretGate" name="test_cleanup_correct_secret_returns_200" time="0.169" /></testsuite></testsuites>