<?xml version="1.0" encoding="utf-8"?><testsuites name="pytest tests"><testsuite name="pytest" errors="0" failures="0" skipped="2" tests="54" time="169.675" timestamp="2026-04-24T07:18:47.121226+00:00" hostname="agent-env-b743e357-5d4a-4174-b930-e8155d2812c7"><testcase classname="tests.test_sprint1" name="test_auth_me_returns_account_and_contexts" time="0.403" /><testcase classname="tests.test_sprint1" name="test_signals_briefings_documents_200" time="0.200" /><testcase classname="tests.test_sprint1" name="test_all_contexts_addressable" time="0.403" /><testcase classname="tests.test_sprint2.TestAuthRegression" name="test_login" time="0.370" /><testcase classname="tests.test_sprint2.TestAuthRegression" name="test_me_contexts_have_committees_field" time="0.051" /><testcase classname="tests.test_sprint2.TestAuthRegression" name="test_briefings_router_works" time="0.049" /><testcase classname="tests.test_sprint2.TestAuthRegression" name="test_learn_router_works" time="0.046" /><testcase classname="tests.test_sprint2.TestCommittees" name="test_list_committees" time="0.046" /><testcase classname="tests.test_sprint2.TestCommittees" name="test_signals_filter_by_committee" time="0.095" /><testcase classname="tests.test_sprint2.TestCommittees" name="test_briefings_filter_by_committee" time="0.094" /><testcase classname="tests.test_sprint2.TestCommittees" name="test_committee_crud_lifecycle" time="0.232" /><testcase classname="tests.test_sprint2.TestSimulate" name="test_create_simulation" time="42.844" /><testcase classname="tests.test_sprint2.TestSimulate" name="test_list_simulations" time="0.096" /><testcase classname="tests.test_sprint2.TestSimulate" name="test_get_simulation_detail" time="0.048" /><testcase classname="tests.test_sprint2.TestSimulate" name="test_archive_simulation" time="0.101" /><testcase classname="tests.test_sprint2.TestCommentsAndMentions" name="test_list_comments_on_briefing_empty_ok" time="0.046"><skipped type="pytest.skip" message="no briefings">/app/backend/tests/test_sprint2.py:262: no briefings</skipped></testcase><testcase classname="tests.test_sprint2.TestCommentsAndMentions" name="test_post_comment_with_mention" time="0.604" /><testcase classname="tests.test_sprint2.TestCommentsAndMentions" name="test_reply_to_comment" time="0.082" /><testcase classname="tests.test_sprint2.TestCommentsAndMentions" name="test_reply_with_wrong_parent_rejected" time="0.101" /><testcase classname="tests.test_sprint2.TestCommentsAndMentions" name="test_mentions_inbox_for_exec" time="0.119" /><testcase classname="tests.test_sprint2.TestCommentsAndMentions" name="test_delete_comment_author" time="0.047" /><testcase classname="tests.test_sprint2.TestCommentsAndMentions" name="test_delete_comment_non_author_forbidden" time="0.060" /><testcase classname="tests.test_sprint3.TestSignalsAskRegression" name="test_list_signals" time="0.456" /><testcase classname="tests.test_sprint3.TestSignalsAskRegression" name="test_ask_persists" time="15.916" /><testcase classname="tests.test_sprint3.TestCommitteesRegression" name="test_list_committees" time="0.051" /><testcase classname="tests.test_sprint3.TestCommitteesRegression" name="test_add_and_delete_committee" time="0.211" /><testcase classname="tests.test_sprint3.TestMentions" name="test_list_mentions_shape" time="0.051" /><testcase classname="tests.test_sprint3.TestLensRoom" name="test_lens_catalog" time="0.052" /><testcase classname="tests.test_sprint3.TestLensRoom" name="test_lens_run_and_list_and_archive" time="15.704" /><testcase classname="tests.test_sprint3.TestLensRoom" name="test_lens_run_unknown_lens" time="0.049" /><testcase classname="tests.test_sprint3.TestPipeline" name="test_pipeline_run_and_events" time="49.415" /><testcase classname="tests.test_sprint3.TestPipeline" name="test_pipeline_events_scoped_to_run" time="0.056" /><testcase classname="tests.test_sprint5.TestAuditLog" name="test_audit_log_200" time="0.496" /><testcase classname="tests.test_sprint5.TestAuditLog" name="test_audit_log_entry_shape" time="0.049" /><testcase classname="tests.test_sprint5.TestAuditLog" name="test_audit_log_limit_cap" time="0.048" /><testcase classname="tests.test_sprint5.TestExport" name="test_export_owner_200" time="0.110" /><testcase classname="tests.test_sprint5.TestExport" name="test_export_payload_shape" time="0.103" /><testcase classname="tests.test_sprint5.TestExport" name="test_export_non_owner_403" time="0.000"><skipped type="pytest.skip" message="No non-owned context available">/app/backend/tests/test_sprint5.py:124: No non-owned context available</skipped></testcase><testcase classname="tests.test_sprint5.TestLensAll" name="test_lens_catalog" time="0.046" /><testcase classname="tests.test_sprint5.TestLensAll" name="test_lens_run_single" time="16.002" /><testcase classname="tests.test_sprint5.TestRegression" name="test_signals_list" time="0.050" /><testcase classname="tests.test_sprint5.TestRegression" name="test_briefings_list" time="0.051" /><testcase classname="tests.test_sprint5.TestRegression" name="test_auth_me" time="0.045" /><testcase classname="tests.test_iter6" name="test_landing_root_reachable" time="0.116" /><testcase classname="tests.test_iter6" name="test_ask_returns_bm25_retrieval_mode" time="14.238" /><testcase classname="tests.test_iter6" name="test_ask_gibberish_falls_back" time="3.761" /><testcase classname="tests.test_iter6" name="test_ask_persisted_in_history" time="0.056" /><testcase classname="tests.test_iter6" name="test_signals_list" time="0.049" /><testcase classname="tests.test_iter6" name="test_pipeline_events_for_signal_with_run_id" time="0.111" /><testcase classname="tests.test_iter6" name="test_contexts_endpoint" time="0.000" /><testcase classname="tests.test_sprint6.TestSynisenseStatus" name="test_status_shape" time="0.454" /><testcase classname="tests.test_sprint6.TestSynisenseDryRun" name="test_dryrun_masks_all_categories" time="0.045" /><testcase classname="tests.test_sprint6.TestUploadWithMeta" name="test_upload_with_new_fields_and_thread" time="0.382" /><testcase classname="tests.test_sprint6.TestLLMShieldingReport" name="test_ask_returns_by_category" time="5.266" /></testsuite></testsuites>