<?xml version="1.0" encoding="utf-8"?><testsuites name="pytest tests"><testsuite name="pytest" errors="0" failures="0" skipped="0" tests="10" time="88.425" timestamp="2026-04-23T22:46:56.340402+00:00" hostname="agent-env-b743e357-5d4a-4174-b930-e8155d2812c7"><testcase classname="backend.tests.test_sprint3.TestSignalsAskRegression" name="test_list_signals" time="0.647" /><testcase classname="backend.tests.test_sprint3.TestSignalsAskRegression" name="test_ask_persists" time="15.729" /><testcase classname="backend.tests.test_sprint3.TestCommitteesRegression" name="test_list_committees" time="0.077" /><testcase classname="backend.tests.test_sprint3.TestCommitteesRegression" name="test_add_and_delete_committee" time="0.245" /><testcase classname="backend.tests.test_sprint3.TestMentions" name="test_list_mentions_shape" time="0.067" /><testcase classname="backend.tests.test_sprint3.TestLensRoom" name="test_lens_catalog" time="0.063" /><testcase classname="backend.tests.test_sprint3.TestLensRoom" name="test_lens_run_and_list_and_archive" time="12.164" /><testcase classname="backend.tests.test_sprint3.TestLensRoom" name="test_lens_run_unknown_lens" time="0.060" /><testcase classname="backend.tests.test_sprint3.TestPipeline" name="test_pipeline_run_and_events" time="59.251" /><testcase classname="backend.tests.test_sprint3.TestPipeline" name="test_pipeline_events_scoped_to_run" time="0.057" /></testsuite></testsuites>