<?xml version="1.0" encoding="utf-8"?><testsuites name="pytest tests"><testsuite name="pytest" errors="0" failures="1" skipped="0" tests="3" time="3.005" timestamp="2026-04-23T04:15:40.055772+00:00" hostname="agent-env-b743e357-5d4a-4174-b930-e8155d2812c7"><testcase classname="backend.tests.test_akki_v3.TestAuth" name="test_admin_login" time="0.421" /><testcase classname="backend.tests.test_akki_v3.TestAuth" name="test_lockout_after_5_failed" time="1.947" /><testcase classname="backend.tests.test_akki_v3.TestSignals" name="test_generate_signals" time="0.501"><failure message="AssertionError: signals generate failed: 400 {&quot;detail&quot;:&quot;Upload at least one document to this context before generating signals.&quot;}&#10;assert 400 == 200&#10; +  where 400 = &lt;Response [400]&gt;.status_code">backend/tests/test_akki_v3.py:366: in test_generate_signals
    assert r.status_code == 200, f"signals generate failed: {r.status_code} {r.text[:400]}"
E   AssertionError: signals generate failed: 400 {"detail":"Upload at least one document to this context before generating signals."}
E   assert 400 == 200
E    +  where 400 = &lt;Response [400]&gt;.status_code</failure></testcase></testsuite></testsuites>